Start testing: May 23 23:55 AEST
----------------------------------------------------------
1/148 Testing: fastsed.ParseRepl.EmptyReplacement
1/148 Test: fastsed.ParseRepl.EmptyReplacement
Command: "/home/christian/local/repos/CppSed/Bin/Tests/fastsed_tests" "--gtest_filter=ParseRepl.EmptyReplacement" "--gtest_also_run_disabled_tests"
Directory: /home/christian/local/repos/CppSed
"fastsed.ParseRepl.EmptyReplacement" start time: May 23 23:55 AEST
Output:
----------------------------------------------------------
Running main() from /home/christian/local/repos/CppSed/Ext/googletest/googletest/src/gtest_main.cc
Note: Google Test filter = ParseRepl.EmptyReplacement
[==========] Running 1 test from 1 test suite.
[----------] Global test environment set-up.
[----------] 1 test from ParseRepl
[ RUN      ] ParseRepl.EmptyReplacement
[       OK ] ParseRepl.EmptyReplacement (0 ms)
[----------] 1 test from ParseRepl (0 ms total)

[----------] Global test environment tear-down
[==========] 1 test from 1 test suite ran. (0 ms total)
[  PASSED  ] 1 test.
<end of output>
Test time =   0.00 sec
----------------------------------------------------------
Test Passed.
"fastsed.ParseRepl.EmptyReplacement" end time: May 23 23:55 AEST
"fastsed.ParseRepl.EmptyReplacement" time elapsed: 00:00:00
----------------------------------------------------------

2/148 Testing: fastsed.ParseRepl.LiteralOnly
2/148 Test: fastsed.ParseRepl.LiteralOnly
Command: "/home/christian/local/repos/CppSed/Bin/Tests/fastsed_tests" "--gtest_filter=ParseRepl.LiteralOnly" "--gtest_also_run_disabled_tests"
Directory: /home/christian/local/repos/CppSed
"fastsed.ParseRepl.LiteralOnly" start time: May 23 23:55 AEST
Output:
----------------------------------------------------------
Running main() from /home/christian/local/repos/CppSed/Ext/googletest/googletest/src/gtest_main.cc
Note: Google Test filter = ParseRepl.LiteralOnly
[==========] Running 1 test from 1 test suite.
[----------] Global test environment set-up.
[----------] 1 test from ParseRepl
[ RUN      ] ParseRepl.LiteralOnly
[       OK ] ParseRepl.LiteralOnly (0 ms)
[----------] 1 test from ParseRepl (0 ms total)

[----------] Global test environment tear-down
[==========] 1 test from 1 test suite ran. (0 ms total)
[  PASSED  ] 1 test.
<end of output>
Test time =   0.00 sec
----------------------------------------------------------
Test Passed.
"fastsed.ParseRepl.LiteralOnly" end time: May 23 23:55 AEST
"fastsed.ParseRepl.LiteralOnly" time elapsed: 00:00:00
----------------------------------------------------------

3/148 Testing: fastsed.ParseRepl.WholeMatchAmpersand
3/148 Test: fastsed.ParseRepl.WholeMatchAmpersand
Command: "/home/christian/local/repos/CppSed/Bin/Tests/fastsed_tests" "--gtest_filter=ParseRepl.WholeMatchAmpersand" "--gtest_also_run_disabled_tests"
Directory: /home/christian/local/repos/CppSed
"fastsed.ParseRepl.WholeMatchAmpersand" start time: May 23 23:55 AEST
Output:
----------------------------------------------------------
Running main() from /home/christian/local/repos/CppSed/Ext/googletest/googletest/src/gtest_main.cc
Note: Google Test filter = ParseRepl.WholeMatchAmpersand
[==========] Running 1 test from 1 test suite.
[----------] Global test environment set-up.
[----------] 1 test from ParseRepl
[ RUN      ] ParseRepl.WholeMatchAmpersand
[       OK ] ParseRepl.WholeMatchAmpersand (0 ms)
[----------] 1 test from ParseRepl (0 ms total)

[----------] Global test environment tear-down
[==========] 1 test from 1 test suite ran. (0 ms total)
[  PASSED  ] 1 test.
<end of output>
Test time =   0.00 sec
----------------------------------------------------------
Test Passed.
"fastsed.ParseRepl.WholeMatchAmpersand" end time: May 23 23:55 AEST
"fastsed.ParseRepl.WholeMatchAmpersand" time elapsed: 00:00:00
----------------------------------------------------------

4/148 Testing: fastsed.ParseRepl.EscapedAmpersand
4/148 Test: fastsed.ParseRepl.EscapedAmpersand
Command: "/home/christian/local/repos/CppSed/Bin/Tests/fastsed_tests" "--gtest_filter=ParseRepl.EscapedAmpersand" "--gtest_also_run_disabled_tests"
Directory: /home/christian/local/repos/CppSed
"fastsed.ParseRepl.EscapedAmpersand" start time: May 23 23:55 AEST
Output:
----------------------------------------------------------
Running main() from /home/christian/local/repos/CppSed/Ext/googletest/googletest/src/gtest_main.cc
Note: Google Test filter = ParseRepl.EscapedAmpersand
[==========] Running 1 test from 1 test suite.
[----------] Global test environment set-up.
[----------] 1 test from ParseRepl
[ RUN      ] ParseRepl.EscapedAmpersand
[       OK ] ParseRepl.EscapedAmpersand (0 ms)
[----------] 1 test from ParseRepl (0 ms total)

[----------] Global test environment tear-down
[==========] 1 test from 1 test suite ran. (0 ms total)
[  PASSED  ] 1 test.
<end of output>
Test time =   0.00 sec
----------------------------------------------------------
Test Passed.
"fastsed.ParseRepl.EscapedAmpersand" end time: May 23 23:55 AEST
"fastsed.ParseRepl.EscapedAmpersand" time elapsed: 00:00:00
----------------------------------------------------------

5/148 Testing: fastsed.ParseRepl.BackReference
5/148 Test: fastsed.ParseRepl.BackReference
Command: "/home/christian/local/repos/CppSed/Bin/Tests/fastsed_tests" "--gtest_filter=ParseRepl.BackReference" "--gtest_also_run_disabled_tests"
Directory: /home/christian/local/repos/CppSed
"fastsed.ParseRepl.BackReference" start time: May 23 23:55 AEST
Output:
----------------------------------------------------------
Running main() from /home/christian/local/repos/CppSed/Ext/googletest/googletest/src/gtest_main.cc
Note: Google Test filter = ParseRepl.BackReference
[==========] Running 1 test from 1 test suite.
[----------] Global test environment set-up.
[----------] 1 test from ParseRepl
[ RUN      ] ParseRepl.BackReference
[       OK ] ParseRepl.BackReference (0 ms)
[----------] 1 test from ParseRepl (0 ms total)

[----------] Global test environment tear-down
[==========] 1 test from 1 test suite ran. (0 ms total)
[  PASSED  ] 1 test.
<end of output>
Test time =   0.00 sec
----------------------------------------------------------
Test Passed.
"fastsed.ParseRepl.BackReference" end time: May 23 23:55 AEST
"fastsed.ParseRepl.BackReference" time elapsed: 00:00:00
----------------------------------------------------------

6/148 Testing: fastsed.ParseRepl.NewlineEscape
6/148 Test: fastsed.ParseRepl.NewlineEscape
Command: "/home/christian/local/repos/CppSed/Bin/Tests/fastsed_tests" "--gtest_filter=ParseRepl.NewlineEscape" "--gtest_also_run_disabled_tests"
Directory: /home/christian/local/repos/CppSed
"fastsed.ParseRepl.NewlineEscape" start time: May 23 23:55 AEST
Output:
----------------------------------------------------------
Running main() from /home/christian/local/repos/CppSed/Ext/googletest/googletest/src/gtest_main.cc
Note: Google Test filter = ParseRepl.NewlineEscape
[==========] Running 1 test from 1 test suite.
[----------] Global test environment set-up.
[----------] 1 test from ParseRepl
[ RUN      ] ParseRepl.NewlineEscape
[       OK ] ParseRepl.NewlineEscape (0 ms)
[----------] 1 test from ParseRepl (0 ms total)

[----------] Global test environment tear-down
[==========] 1 test from 1 test suite ran. (0 ms total)
[  PASSED  ] 1 test.
<end of output>
Test time =   0.00 sec
----------------------------------------------------------
Test Passed.
"fastsed.ParseRepl.NewlineEscape" end time: May 23 23:55 AEST
"fastsed.ParseRepl.NewlineEscape" time elapsed: 00:00:00
----------------------------------------------------------

7/148 Testing: fastsed.ParseRepl.CaseTokens
7/148 Test: fastsed.ParseRepl.CaseTokens
Command: "/home/christian/local/repos/CppSed/Bin/Tests/fastsed_tests" "--gtest_filter=ParseRepl.CaseTokens" "--gtest_also_run_disabled_tests"
Directory: /home/christian/local/repos/CppSed
"fastsed.ParseRepl.CaseTokens" start time: May 23 23:55 AEST
Output:
----------------------------------------------------------
Running main() from /home/christian/local/repos/CppSed/Ext/googletest/googletest/src/gtest_main.cc
Note: Google Test filter = ParseRepl.CaseTokens
[==========] Running 1 test from 1 test suite.
[----------] Global test environment set-up.
[----------] 1 test from ParseRepl
[ RUN      ] ParseRepl.CaseTokens
[       OK ] ParseRepl.CaseTokens (0 ms)
[----------] 1 test from ParseRepl (0 ms total)

[----------] Global test environment tear-down
[==========] 1 test from 1 test suite ran. (0 ms total)
[  PASSED  ] 1 test.
<end of output>
Test time =   0.00 sec
----------------------------------------------------------
Test Passed.
"fastsed.ParseRepl.CaseTokens" end time: May 23 23:55 AEST
"fastsed.ParseRepl.CaseTokens" time elapsed: 00:00:00
----------------------------------------------------------

8/148 Testing: fastsed.ParseRepl.UnknownEscapePassthrough
8/148 Test: fastsed.ParseRepl.UnknownEscapePassthrough
Command: "/home/christian/local/repos/CppSed/Bin/Tests/fastsed_tests" "--gtest_filter=ParseRepl.UnknownEscapePassthrough" "--gtest_also_run_disabled_tests"
Directory: /home/christian/local/repos/CppSed
"fastsed.ParseRepl.UnknownEscapePassthrough" start time: May 23 23:55 AEST
Output:
----------------------------------------------------------
Running main() from /home/christian/local/repos/CppSed/Ext/googletest/googletest/src/gtest_main.cc
Note: Google Test filter = ParseRepl.UnknownEscapePassthrough
[==========] Running 1 test from 1 test suite.
[----------] Global test environment set-up.
[----------] 1 test from ParseRepl
[ RUN      ] ParseRepl.UnknownEscapePassthrough
[       OK ] ParseRepl.UnknownEscapePassthrough (0 ms)
[----------] 1 test from ParseRepl (0 ms total)

[----------] Global test environment tear-down
[==========] 1 test from 1 test suite ran. (0 ms total)
[  PASSED  ] 1 test.
<end of output>
Test time =   0.00 sec
----------------------------------------------------------
Test Passed.
"fastsed.ParseRepl.UnknownEscapePassthrough" end time: May 23 23:55 AEST
"fastsed.ParseRepl.UnknownEscapePassthrough" time elapsed: 00:00:00
----------------------------------------------------------

9/148 Testing: fastsed.ApplyRepl.LiteralReplacement
9/148 Test: fastsed.ApplyRepl.LiteralReplacement
Command: "/home/christian/local/repos/CppSed/Bin/Tests/fastsed_tests" "--gtest_filter=ApplyRepl.LiteralReplacement" "--gtest_also_run_disabled_tests"
Directory: /home/christian/local/repos/CppSed
"fastsed.ApplyRepl.LiteralReplacement" start time: May 23 23:55 AEST
Output:
----------------------------------------------------------
Running main() from /home/christian/local/repos/CppSed/Ext/googletest/googletest/src/gtest_main.cc
Note: Google Test filter = ApplyRepl.LiteralReplacement
[==========] Running 1 test from 1 test suite.
[----------] Global test environment set-up.
[----------] 1 test from ApplyRepl
[ RUN      ] ApplyRepl.LiteralReplacement
[       OK ] ApplyRepl.LiteralReplacement (0 ms)
[----------] 1 test from ApplyRepl (0 ms total)

[----------] Global test environment tear-down
[==========] 1 test from 1 test suite ran. (0 ms total)
[  PASSED  ] 1 test.
<end of output>
Test time =   0.00 sec
----------------------------------------------------------
Test Passed.
"fastsed.ApplyRepl.LiteralReplacement" end time: May 23 23:55 AEST
"fastsed.ApplyRepl.LiteralReplacement" time elapsed: 00:00:00
----------------------------------------------------------

10/148 Testing: fastsed.ApplyRepl.WholeMatch
10/148 Test: fastsed.ApplyRepl.WholeMatch
Command: "/home/christian/local/repos/CppSed/Bin/Tests/fastsed_tests" "--gtest_filter=ApplyRepl.WholeMatch" "--gtest_also_run_disabled_tests"
Directory: /home/christian/local/repos/CppSed
"fastsed.ApplyRepl.WholeMatch" start time: May 23 23:55 AEST
Output:
----------------------------------------------------------
Running main() from /home/christian/local/repos/CppSed/Ext/googletest/googletest/src/gtest_main.cc
Note: Google Test filter = ApplyRepl.WholeMatch
[==========] Running 1 test from 1 test suite.
[----------] Global test environment set-up.
[----------] 1 test from ApplyRepl
[ RUN      ] ApplyRepl.WholeMatch
[       OK ] ApplyRepl.WholeMatch (0 ms)
[----------] 1 test from ApplyRepl (0 ms total)

[----------] Global test environment tear-down
[==========] 1 test from 1 test suite ran. (0 ms total)
[  PASSED  ] 1 test.
<end of output>
Test time =   0.00 sec
----------------------------------------------------------
Test Passed.
"fastsed.ApplyRepl.WholeMatch" end time: May 23 23:55 AEST
"fastsed.ApplyRepl.WholeMatch" time elapsed: 00:00:00
----------------------------------------------------------

11/148 Testing: fastsed.ApplyRepl.BackRef1
11/148 Test: fastsed.ApplyRepl.BackRef1
Command: "/home/christian/local/repos/CppSed/Bin/Tests/fastsed_tests" "--gtest_filter=ApplyRepl.BackRef1" "--gtest_also_run_disabled_tests"
Directory: /home/christian/local/repos/CppSed
"fastsed.ApplyRepl.BackRef1" start time: May 23 23:55 AEST
Output:
----------------------------------------------------------
Running main() from /home/christian/local/repos/CppSed/Ext/googletest/googletest/src/gtest_main.cc
Note: Google Test filter = ApplyRepl.BackRef1
[==========] Running 1 test from 1 test suite.
[----------] Global test environment set-up.
[----------] 1 test from ApplyRepl
[ RUN      ] ApplyRepl.BackRef1
[       OK ] ApplyRepl.BackRef1 (0 ms)
[----------] 1 test from ApplyRepl (0 ms total)

[----------] Global test environment tear-down
[==========] 1 test from 1 test suite ran. (0 ms total)
[  PASSED  ] 1 test.
<end of output>
Test time =   0.00 sec
----------------------------------------------------------
Test Passed.
"fastsed.ApplyRepl.BackRef1" end time: May 23 23:55 AEST
"fastsed.ApplyRepl.BackRef1" time elapsed: 00:00:00
----------------------------------------------------------

12/148 Testing: fastsed.ApplyRepl.BackRef2
12/148 Test: fastsed.ApplyRepl.BackRef2
Command: "/home/christian/local/repos/CppSed/Bin/Tests/fastsed_tests" "--gtest_filter=ApplyRepl.BackRef2" "--gtest_also_run_disabled_tests"
Directory: /home/christian/local/repos/CppSed
"fastsed.ApplyRepl.BackRef2" start time: May 23 23:55 AEST
Output:
----------------------------------------------------------
Running main() from /home/christian/local/repos/CppSed/Ext/googletest/googletest/src/gtest_main.cc
Note: Google Test filter = ApplyRepl.BackRef2
[==========] Running 1 test from 1 test suite.
[----------] Global test environment set-up.
[----------] 1 test from ApplyRepl
[ RUN      ] ApplyRepl.BackRef2
[       OK ] ApplyRepl.BackRef2 (0 ms)
[----------] 1 test from ApplyRepl (0 ms total)

[----------] Global test environment tear-down
[==========] 1 test from 1 test suite ran. (0 ms total)
[  PASSED  ] 1 test.
<end of output>
Test time =   0.00 sec
----------------------------------------------------------
Test Passed.
"fastsed.ApplyRepl.BackRef2" end time: May 23 23:55 AEST
"fastsed.ApplyRepl.BackRef2" time elapsed: 00:00:00
----------------------------------------------------------

13/148 Testing: fastsed.ApplyRepl.UpperNextChar
13/148 Test: fastsed.ApplyRepl.UpperNextChar
Command: "/home/christian/local/repos/CppSed/Bin/Tests/fastsed_tests" "--gtest_filter=ApplyRepl.UpperNextChar" "--gtest_also_run_disabled_tests"
Directory: /home/christian/local/repos/CppSed
"fastsed.ApplyRepl.UpperNextChar" start time: May 23 23:55 AEST
Output:
----------------------------------------------------------
Running main() from /home/christian/local/repos/CppSed/Ext/googletest/googletest/src/gtest_main.cc
Note: Google Test filter = ApplyRepl.UpperNextChar
[==========] Running 1 test from 1 test suite.
[----------] Global test environment set-up.
[----------] 1 test from ApplyRepl
[ RUN      ] ApplyRepl.UpperNextChar
[       OK ] ApplyRepl.UpperNextChar (0 ms)
[----------] 1 test from ApplyRepl (0 ms total)

[----------] Global test environment tear-down
[==========] 1 test from 1 test suite ran. (0 ms total)
[  PASSED  ] 1 test.
<end of output>
Test time =   0.00 sec
----------------------------------------------------------
Test Passed.
"fastsed.ApplyRepl.UpperNextChar" end time: May 23 23:55 AEST
"fastsed.ApplyRepl.UpperNextChar" time elapsed: 00:00:00
----------------------------------------------------------

14/148 Testing: fastsed.ApplyRepl.LowerNextChar
14/148 Test: fastsed.ApplyRepl.LowerNextChar
Command: "/home/christian/local/repos/CppSed/Bin/Tests/fastsed_tests" "--gtest_filter=ApplyRepl.LowerNextChar" "--gtest_also_run_disabled_tests"
Directory: /home/christian/local/repos/CppSed
"fastsed.ApplyRepl.LowerNextChar" start time: May 23 23:55 AEST
Output:
----------------------------------------------------------
Running main() from /home/christian/local/repos/CppSed/Ext/googletest/googletest/src/gtest_main.cc
Note: Google Test filter = ApplyRepl.LowerNextChar
[==========] Running 1 test from 1 test suite.
[----------] Global test environment set-up.
[----------] 1 test from ApplyRepl
[ RUN      ] ApplyRepl.LowerNextChar
[       OK ] ApplyRepl.LowerNextChar (0 ms)
[----------] 1 test from ApplyRepl (0 ms total)

[----------] Global test environment tear-down
[==========] 1 test from 1 test suite ran. (0 ms total)
[  PASSED  ] 1 test.
<end of output>
Test time =   0.00 sec
----------------------------------------------------------
Test Passed.
"fastsed.ApplyRepl.LowerNextChar" end time: May 23 23:55 AEST
"fastsed.ApplyRepl.LowerNextChar" time elapsed: 00:00:00
----------------------------------------------------------

15/148 Testing: fastsed.ApplyRepl.UpperOnRange
15/148 Test: fastsed.ApplyRepl.UpperOnRange
Command: "/home/christian/local/repos/CppSed/Bin/Tests/fastsed_tests" "--gtest_filter=ApplyRepl.UpperOnRange" "--gtest_also_run_disabled_tests"
Directory: /home/christian/local/repos/CppSed
"fastsed.ApplyRepl.UpperOnRange" start time: May 23 23:55 AEST
Output:
----------------------------------------------------------
Running main() from /home/christian/local/repos/CppSed/Ext/googletest/googletest/src/gtest_main.cc
Note: Google Test filter = ApplyRepl.UpperOnRange
[==========] Running 1 test from 1 test suite.
[----------] Global test environment set-up.
[----------] 1 test from ApplyRepl
[ RUN      ] ApplyRepl.UpperOnRange
[       OK ] ApplyRepl.UpperOnRange (0 ms)
[----------] 1 test from ApplyRepl (0 ms total)

[----------] Global test environment tear-down
[==========] 1 test from 1 test suite ran. (0 ms total)
[  PASSED  ] 1 test.
<end of output>
Test time =   0.00 sec
----------------------------------------------------------
Test Passed.
"fastsed.ApplyRepl.UpperOnRange" end time: May 23 23:55 AEST
"fastsed.ApplyRepl.UpperOnRange" time elapsed: 00:00:00
----------------------------------------------------------

16/148 Testing: fastsed.ApplyRepl.LowerOnRange
16/148 Test: fastsed.ApplyRepl.LowerOnRange
Command: "/home/christian/local/repos/CppSed/Bin/Tests/fastsed_tests" "--gtest_filter=ApplyRepl.LowerOnRange" "--gtest_also_run_disabled_tests"
Directory: /home/christian/local/repos/CppSed
"fastsed.ApplyRepl.LowerOnRange" start time: May 23 23:55 AEST
Output:
----------------------------------------------------------
Running main() from /home/christian/local/repos/CppSed/Ext/googletest/googletest/src/gtest_main.cc
Note: Google Test filter = ApplyRepl.LowerOnRange
[==========] Running 1 test from 1 test suite.
[----------] Global test environment set-up.
[----------] 1 test from ApplyRepl
[ RUN      ] ApplyRepl.LowerOnRange
[       OK ] ApplyRepl.LowerOnRange (0 ms)
[----------] 1 test from ApplyRepl (0 ms total)

[----------] Global test environment tear-down
[==========] 1 test from 1 test suite ran. (0 ms total)
[  PASSED  ] 1 test.
<end of output>
Test time =   0.00 sec
----------------------------------------------------------
Test Passed.
"fastsed.ApplyRepl.LowerOnRange" end time: May 23 23:55 AEST
"fastsed.ApplyRepl.LowerOnRange" time elapsed: 00:00:00
----------------------------------------------------------

17/148 Testing: fastsed.ApplyRepl.EmptyReplacement
17/148 Test: fastsed.ApplyRepl.EmptyReplacement
Command: "/home/christian/local/repos/CppSed/Bin/Tests/fastsed_tests" "--gtest_filter=ApplyRepl.EmptyReplacement" "--gtest_also_run_disabled_tests"
Directory: /home/christian/local/repos/CppSed
"fastsed.ApplyRepl.EmptyReplacement" start time: May 23 23:55 AEST
Output:
----------------------------------------------------------
Running main() from /home/christian/local/repos/CppSed/Ext/googletest/googletest/src/gtest_main.cc
Note: Google Test filter = ApplyRepl.EmptyReplacement
[==========] Running 1 test from 1 test suite.
[----------] Global test environment set-up.
[----------] 1 test from ApplyRepl
[ RUN      ] ApplyRepl.EmptyReplacement
[       OK ] ApplyRepl.EmptyReplacement (0 ms)
[----------] 1 test from ApplyRepl (0 ms total)

[----------] Global test environment tear-down
[==========] 1 test from 1 test suite ran. (0 ms total)
[  PASSED  ] 1 test.
<end of output>
Test time =   0.00 sec
----------------------------------------------------------
Test Passed.
"fastsed.ApplyRepl.EmptyReplacement" end time: May 23 23:55 AEST
"fastsed.ApplyRepl.EmptyReplacement" time elapsed: 00:00:00
----------------------------------------------------------

18/148 Testing: fastsed.ApplyRepl.NewlineInReplacement
18/148 Test: fastsed.ApplyRepl.NewlineInReplacement
Command: "/home/christian/local/repos/CppSed/Bin/Tests/fastsed_tests" "--gtest_filter=ApplyRepl.NewlineInReplacement" "--gtest_also_run_disabled_tests"
Directory: /home/christian/local/repos/CppSed
"fastsed.ApplyRepl.NewlineInReplacement" start time: May 23 23:55 AEST
Output:
----------------------------------------------------------
Running main() from /home/christian/local/repos/CppSed/Ext/googletest/googletest/src/gtest_main.cc
Note: Google Test filter = ApplyRepl.NewlineInReplacement
[==========] Running 1 test from 1 test suite.
[----------] Global test environment set-up.
[----------] 1 test from ApplyRepl
[ RUN      ] ApplyRepl.NewlineInReplacement
[       OK ] ApplyRepl.NewlineInReplacement (0 ms)
[----------] 1 test from ApplyRepl (0 ms total)

[----------] Global test environment tear-down
[==========] 1 test from 1 test suite ran. (0 ms total)
[  PASSED  ] 1 test.
<end of output>
Test time =   0.00 sec
----------------------------------------------------------
Test Passed.
"fastsed.ApplyRepl.NewlineInReplacement" end time: May 23 23:55 AEST
"fastsed.ApplyRepl.NewlineInReplacement" time elapsed: 00:00:00
----------------------------------------------------------

19/148 Testing: fastsed.Parser.NoAddress
19/148 Test: fastsed.Parser.NoAddress
Command: "/home/christian/local/repos/CppSed/Bin/Tests/fastsed_tests" "--gtest_filter=Parser.NoAddress" "--gtest_also_run_disabled_tests"
Directory: /home/christian/local/repos/CppSed
"fastsed.Parser.NoAddress" start time: May 23 23:55 AEST
Output:
----------------------------------------------------------
Running main() from /home/christian/local/repos/CppSed/Ext/googletest/googletest/src/gtest_main.cc
Note: Google Test filter = Parser.NoAddress
[==========] Running 1 test from 1 test suite.
[----------] Global test environment set-up.
[----------] 1 test from Parser
[ RUN      ] Parser.NoAddress
[       OK ] Parser.NoAddress (0 ms)
[----------] 1 test from Parser (0 ms total)

[----------] Global test environment tear-down
[==========] 1 test from 1 test suite ran. (0 ms total)
[  PASSED  ] 1 test.
<end of output>
Test time =   0.00 sec
----------------------------------------------------------
Test Passed.
"fastsed.Parser.NoAddress" end time: May 23 23:55 AEST
"fastsed.Parser.NoAddress" time elapsed: 00:00:00
----------------------------------------------------------

20/148 Testing: fastsed.Parser.LineAddress
20/148 Test: fastsed.Parser.LineAddress
Command: "/home/christian/local/repos/CppSed/Bin/Tests/fastsed_tests" "--gtest_filter=Parser.LineAddress" "--gtest_also_run_disabled_tests"
Directory: /home/christian/local/repos/CppSed
"fastsed.Parser.LineAddress" start time: May 23 23:55 AEST
Output:
----------------------------------------------------------
Running main() from /home/christian/local/repos/CppSed/Ext/googletest/googletest/src/gtest_main.cc
Note: Google Test filter = Parser.LineAddress
[==========] Running 1 test from 1 test suite.
[----------] Global test environment set-up.
[----------] 1 test from Parser
[ RUN      ] Parser.LineAddress
[       OK ] Parser.LineAddress (0 ms)
[----------] 1 test from Parser (0 ms total)

[----------] Global test environment tear-down
[==========] 1 test from 1 test suite ran. (0 ms total)
[  PASSED  ] 1 test.
<end of output>
Test time =   0.00 sec
----------------------------------------------------------
Test Passed.
"fastsed.Parser.LineAddress" end time: May 23 23:55 AEST
"fastsed.Parser.LineAddress" time elapsed: 00:00:00
----------------------------------------------------------

21/148 Testing: fastsed.Parser.LineZeroAddress
21/148 Test: fastsed.Parser.LineZeroAddress
Command: "/home/christian/local/repos/CppSed/Bin/Tests/fastsed_tests" "--gtest_filter=Parser.LineZeroAddress" "--gtest_also_run_disabled_tests"
Directory: /home/christian/local/repos/CppSed
"fastsed.Parser.LineZeroAddress" start time: May 23 23:55 AEST
Output:
----------------------------------------------------------
Running main() from /home/christian/local/repos/CppSed/Ext/googletest/googletest/src/gtest_main.cc
Note: Google Test filter = Parser.LineZeroAddress
[==========] Running 1 test from 1 test suite.
[----------] Global test environment set-up.
[----------] 1 test from Parser
[ RUN      ] Parser.LineZeroAddress
[       OK ] Parser.LineZeroAddress (0 ms)
[----------] 1 test from Parser (0 ms total)

[----------] Global test environment tear-down
[==========] 1 test from 1 test suite ran. (0 ms total)
[  PASSED  ] 1 test.
<end of output>
Test time =   0.00 sec
----------------------------------------------------------
Test Passed.
"fastsed.Parser.LineZeroAddress" end time: May 23 23:55 AEST
"fastsed.Parser.LineZeroAddress" time elapsed: 00:00:00
----------------------------------------------------------

22/148 Testing: fastsed.Parser.LastLineAddress
22/148 Test: fastsed.Parser.LastLineAddress
Command: "/home/christian/local/repos/CppSed/Bin/Tests/fastsed_tests" "--gtest_filter=Parser.LastLineAddress" "--gtest_also_run_disabled_tests"
Directory: /home/christian/local/repos/CppSed
"fastsed.Parser.LastLineAddress" start time: May 23 23:55 AEST
Output:
----------------------------------------------------------
Running main() from /home/christian/local/repos/CppSed/Ext/googletest/googletest/src/gtest_main.cc
Note: Google Test filter = Parser.LastLineAddress
[==========] Running 1 test from 1 test suite.
[----------] Global test environment set-up.
[----------] 1 test from Parser
[ RUN      ] Parser.LastLineAddress
[       OK ] Parser.LastLineAddress (0 ms)
[----------] 1 test from Parser (0 ms total)

[----------] Global test environment tear-down
[==========] 1 test from 1 test suite ran. (0 ms total)
[  PASSED  ] 1 test.
<end of output>
Test time =   0.00 sec
----------------------------------------------------------
Test Passed.
"fastsed.Parser.LastLineAddress" end time: May 23 23:55 AEST
"fastsed.Parser.LastLineAddress" time elapsed: 00:00:00
----------------------------------------------------------

23/148 Testing: fastsed.Parser.RegexAddress
23/148 Test: fastsed.Parser.RegexAddress
Command: "/home/christian/local/repos/CppSed/Bin/Tests/fastsed_tests" "--gtest_filter=Parser.RegexAddress" "--gtest_also_run_disabled_tests"
Directory: /home/christian/local/repos/CppSed
"fastsed.Parser.RegexAddress" start time: May 23 23:55 AEST
Output:
----------------------------------------------------------
Running main() from /home/christian/local/repos/CppSed/Ext/googletest/googletest/src/gtest_main.cc
Note: Google Test filter = Parser.RegexAddress
[==========] Running 1 test from 1 test suite.
[----------] Global test environment set-up.
[----------] 1 test from Parser
[ RUN      ] Parser.RegexAddress
[       OK ] Parser.RegexAddress (0 ms)
[----------] 1 test from Parser (0 ms total)

[----------] Global test environment tear-down
[==========] 1 test from 1 test suite ran. (0 ms total)
[  PASSED  ] 1 test.
<end of output>
Test time =   0.00 sec
----------------------------------------------------------
Test Passed.
"fastsed.Parser.RegexAddress" end time: May 23 23:55 AEST
"fastsed.Parser.RegexAddress" time elapsed: 00:00:00
----------------------------------------------------------

24/148 Testing: fastsed.Parser.RegexAddressAlternateDelimiter
24/148 Test: fastsed.Parser.RegexAddressAlternateDelimiter
Command: "/home/christian/local/repos/CppSed/Bin/Tests/fastsed_tests" "--gtest_filter=Parser.RegexAddressAlternateDelimiter" "--gtest_also_run_disabled_tests"
Directory: /home/christian/local/repos/CppSed
"fastsed.Parser.RegexAddressAlternateDelimiter" start time: May 23 23:55 AEST
Output:
----------------------------------------------------------
Running main() from /home/christian/local/repos/CppSed/Ext/googletest/googletest/src/gtest_main.cc
Note: Google Test filter = Parser.RegexAddressAlternateDelimiter
[==========] Running 1 test from 1 test suite.
[----------] Global test environment set-up.
[----------] 1 test from Parser
[ RUN      ] Parser.RegexAddressAlternateDelimiter
[       OK ] Parser.RegexAddressAlternateDelimiter (0 ms)
[----------] 1 test from Parser (0 ms total)

[----------] Global test environment tear-down
[==========] 1 test from 1 test suite ran. (0 ms total)
[  PASSED  ] 1 test.
<end of output>
Test time =   0.00 sec
----------------------------------------------------------
Test Passed.
"fastsed.Parser.RegexAddressAlternateDelimiter" end time: May 23 23:55 AEST
"fastsed.Parser.RegexAddressAlternateDelimiter" time elapsed: 00:00:00
----------------------------------------------------------

25/148 Testing: fastsed.Parser.EmptyRegexAddress
25/148 Test: fastsed.Parser.EmptyRegexAddress
Command: "/home/christian/local/repos/CppSed/Bin/Tests/fastsed_tests" "--gtest_filter=Parser.EmptyRegexAddress" "--gtest_also_run_disabled_tests"
Directory: /home/christian/local/repos/CppSed
"fastsed.Parser.EmptyRegexAddress" start time: May 23 23:55 AEST
Output:
----------------------------------------------------------
Running main() from /home/christian/local/repos/CppSed/Ext/googletest/googletest/src/gtest_main.cc
Note: Google Test filter = Parser.EmptyRegexAddress
[==========] Running 1 test from 1 test suite.
[----------] Global test environment set-up.
[----------] 1 test from Parser
[ RUN      ] Parser.EmptyRegexAddress
[       OK ] Parser.EmptyRegexAddress (0 ms)
[----------] 1 test from Parser (0 ms total)

[----------] Global test environment tear-down
[==========] 1 test from 1 test suite ran. (0 ms total)
[  PASSED  ] 1 test.
<end of output>
Test time =   0.00 sec
----------------------------------------------------------
Test Passed.
"fastsed.Parser.EmptyRegexAddress" end time: May 23 23:55 AEST
"fastsed.Parser.EmptyRegexAddress" time elapsed: 00:00:00
----------------------------------------------------------

26/148 Testing: fastsed.Parser.StepAddress
26/148 Test: fastsed.Parser.StepAddress
Command: "/home/christian/local/repos/CppSed/Bin/Tests/fastsed_tests" "--gtest_filter=Parser.StepAddress" "--gtest_also_run_disabled_tests"
Directory: /home/christian/local/repos/CppSed
"fastsed.Parser.StepAddress" start time: May 23 23:55 AEST
Output:
----------------------------------------------------------
Running main() from /home/christian/local/repos/CppSed/Ext/googletest/googletest/src/gtest_main.cc
Note: Google Test filter = Parser.StepAddress
[==========] Running 1 test from 1 test suite.
[----------] Global test environment set-up.
[----------] 1 test from Parser
[ RUN      ] Parser.StepAddress
[       OK ] Parser.StepAddress (0 ms)
[----------] 1 test from Parser (0 ms total)

[----------] Global test environment tear-down
[==========] 1 test from 1 test suite ran. (0 ms total)
[  PASSED  ] 1 test.
<end of output>
Test time =   0.00 sec
----------------------------------------------------------
Test Passed.
"fastsed.Parser.StepAddress" end time: May 23 23:55 AEST
"fastsed.Parser.StepAddress" time elapsed: 00:00:00
----------------------------------------------------------

27/148 Testing: fastsed.Parser.StepAddressOdd
27/148 Test: fastsed.Parser.StepAddressOdd
Command: "/home/christian/local/repos/CppSed/Bin/Tests/fastsed_tests" "--gtest_filter=Parser.StepAddressOdd" "--gtest_also_run_disabled_tests"
Directory: /home/christian/local/repos/CppSed
"fastsed.Parser.StepAddressOdd" start time: May 23 23:55 AEST
Output:
----------------------------------------------------------
Running main() from /home/christian/local/repos/CppSed/Ext/googletest/googletest/src/gtest_main.cc
Note: Google Test filter = Parser.StepAddressOdd
[==========] Running 1 test from 1 test suite.
[----------] Global test environment set-up.
[----------] 1 test from Parser
[ RUN      ] Parser.StepAddressOdd
[       OK ] Parser.StepAddressOdd (0 ms)
[----------] 1 test from Parser (0 ms total)

[----------] Global test environment tear-down
[==========] 1 test from 1 test suite ran. (0 ms total)
[  PASSED  ] 1 test.
<end of output>
Test time =   0.00 sec
----------------------------------------------------------
Test Passed.
"fastsed.Parser.StepAddressOdd" end time: May 23 23:55 AEST
"fastsed.Parser.StepAddressOdd" time elapsed: 00:00:00
----------------------------------------------------------

28/148 Testing: fastsed.Parser.TwoAddressRange
28/148 Test: fastsed.Parser.TwoAddressRange
Command: "/home/christian/local/repos/CppSed/Bin/Tests/fastsed_tests" "--gtest_filter=Parser.TwoAddressRange" "--gtest_also_run_disabled_tests"
Directory: /home/christian/local/repos/CppSed
"fastsed.Parser.TwoAddressRange" start time: May 23 23:55 AEST
Output:
----------------------------------------------------------
Running main() from /home/christian/local/repos/CppSed/Ext/googletest/googletest/src/gtest_main.cc
Note: Google Test filter = Parser.TwoAddressRange
[==========] Running 1 test from 1 test suite.
[----------] Global test environment set-up.
[----------] 1 test from Parser
[ RUN      ] Parser.TwoAddressRange
[       OK ] Parser.TwoAddressRange (0 ms)
[----------] 1 test from Parser (0 ms total)

[----------] Global test environment tear-down
[==========] 1 test from 1 test suite ran. (0 ms total)
[  PASSED  ] 1 test.
<end of output>
Test time =   0.00 sec
----------------------------------------------------------
Test Passed.
"fastsed.Parser.TwoAddressRange" end time: May 23 23:55 AEST
"fastsed.Parser.TwoAddressRange" time elapsed: 00:00:00
----------------------------------------------------------

29/148 Testing: fastsed.Parser.TwoAddressRegexRange
29/148 Test: fastsed.Parser.TwoAddressRegexRange
Command: "/home/christian/local/repos/CppSed/Bin/Tests/fastsed_tests" "--gtest_filter=Parser.TwoAddressRegexRange" "--gtest_also_run_disabled_tests"
Directory: /home/christian/local/repos/CppSed
"fastsed.Parser.TwoAddressRegexRange" start time: May 23 23:55 AEST
Output:
----------------------------------------------------------
Running main() from /home/christian/local/repos/CppSed/Ext/googletest/googletest/src/gtest_main.cc
Note: Google Test filter = Parser.TwoAddressRegexRange
[==========] Running 1 test from 1 test suite.
[----------] Global test environment set-up.
[----------] 1 test from Parser
[ RUN      ] Parser.TwoAddressRegexRange
[       OK ] Parser.TwoAddressRegexRange (0 ms)
[----------] 1 test from Parser (0 ms total)

[----------] Global test environment tear-down
[==========] 1 test from 1 test suite ran. (0 ms total)
[  PASSED  ] 1 test.
<end of output>
Test time =   0.00 sec
----------------------------------------------------------
Test Passed.
"fastsed.Parser.TwoAddressRegexRange" end time: May 23 23:55 AEST
"fastsed.Parser.TwoAddressRegexRange" time elapsed: 00:00:00
----------------------------------------------------------

30/148 Testing: fastsed.Parser.TwoAddressMixed
30/148 Test: fastsed.Parser.TwoAddressMixed
Command: "/home/christian/local/repos/CppSed/Bin/Tests/fastsed_tests" "--gtest_filter=Parser.TwoAddressMixed" "--gtest_also_run_disabled_tests"
Directory: /home/christian/local/repos/CppSed
"fastsed.Parser.TwoAddressMixed" start time: May 23 23:55 AEST
Output:
----------------------------------------------------------
Running main() from /home/christian/local/repos/CppSed/Ext/googletest/googletest/src/gtest_main.cc
Note: Google Test filter = Parser.TwoAddressMixed
[==========] Running 1 test from 1 test suite.
[----------] Global test environment set-up.
[----------] 1 test from Parser
[ RUN      ] Parser.TwoAddressMixed
[       OK ] Parser.TwoAddressMixed (0 ms)
[----------] 1 test from Parser (0 ms total)

[----------] Global test environment tear-down
[==========] 1 test from 1 test suite ran. (0 ms total)
[  PASSED  ] 1 test.
<end of output>
Test time =   0.00 sec
----------------------------------------------------------
Test Passed.
"fastsed.Parser.TwoAddressMixed" end time: May 23 23:55 AEST
"fastsed.Parser.TwoAddressMixed" time elapsed: 00:00:00
----------------------------------------------------------

31/148 Testing: fastsed.Parser.NegatedCommand
31/148 Test: fastsed.Parser.NegatedCommand
Command: "/home/christian/local/repos/CppSed/Bin/Tests/fastsed_tests" "--gtest_filter=Parser.NegatedCommand" "--gtest_also_run_disabled_tests"
Directory: /home/christian/local/repos/CppSed
"fastsed.Parser.NegatedCommand" start time: May 23 23:55 AEST
Output:
----------------------------------------------------------
Running main() from /home/christian/local/repos/CppSed/Ext/googletest/googletest/src/gtest_main.cc
Note: Google Test filter = Parser.NegatedCommand
[==========] Running 1 test from 1 test suite.
[----------] Global test environment set-up.
[----------] 1 test from Parser
[ RUN      ] Parser.NegatedCommand
[       OK ] Parser.NegatedCommand (0 ms)
[----------] 1 test from Parser (0 ms total)

[----------] Global test environment tear-down
[==========] 1 test from 1 test suite ran. (0 ms total)
[  PASSED  ] 1 test.
<end of output>
Test time =   0.00 sec
----------------------------------------------------------
Test Passed.
"fastsed.Parser.NegatedCommand" end time: May 23 23:55 AEST
"fastsed.Parser.NegatedCommand" time elapsed: 00:00:00
----------------------------------------------------------

32/148 Testing: fastsed.Parser.DoubleNegationCancels
32/148 Test: fastsed.Parser.DoubleNegationCancels
Command: "/home/christian/local/repos/CppSed/Bin/Tests/fastsed_tests" "--gtest_filter=Parser.DoubleNegationCancels" "--gtest_also_run_disabled_tests"
Directory: /home/christian/local/repos/CppSed
"fastsed.Parser.DoubleNegationCancels" start time: May 23 23:55 AEST
Output:
----------------------------------------------------------
Running main() from /home/christian/local/repos/CppSed/Ext/googletest/googletest/src/gtest_main.cc
Note: Google Test filter = Parser.DoubleNegationCancels
[==========] Running 1 test from 1 test suite.
[----------] Global test environment set-up.
[----------] 1 test from Parser
[ RUN      ] Parser.DoubleNegationCancels
[       OK ] Parser.DoubleNegationCancels (0 ms)
[----------] 1 test from Parser (0 ms total)

[----------] Global test environment tear-down
[==========] 1 test from 1 test suite ran. (0 ms total)
[  PASSED  ] 1 test.
<end of output>
Test time =   0.00 sec
----------------------------------------------------------
Test Passed.
"fastsed.Parser.DoubleNegationCancels" end time: May 23 23:55 AEST
"fastsed.Parser.DoubleNegationCancels" time elapsed: 00:00:00
----------------------------------------------------------

33/148 Testing: fastsed.Parser.CommandsNoArgs
33/148 Test: fastsed.Parser.CommandsNoArgs
Command: "/home/christian/local/repos/CppSed/Bin/Tests/fastsed_tests" "--gtest_filter=Parser.CommandsNoArgs" "--gtest_also_run_disabled_tests"
Directory: /home/christian/local/repos/CppSed
"fastsed.Parser.CommandsNoArgs" start time: May 23 23:55 AEST
Output:
----------------------------------------------------------
Running main() from /home/christian/local/repos/CppSed/Ext/googletest/googletest/src/gtest_main.cc
Note: Google Test filter = Parser.CommandsNoArgs
[==========] Running 1 test from 1 test suite.
[----------] Global test environment set-up.
[----------] 1 test from Parser
[ RUN      ] Parser.CommandsNoArgs
[       OK ] Parser.CommandsNoArgs (0 ms)
[----------] 1 test from Parser (0 ms total)

[----------] Global test environment tear-down
[==========] 1 test from 1 test suite ran. (0 ms total)
[  PASSED  ] 1 test.
<end of output>
Test time =   0.00 sec
----------------------------------------------------------
Test Passed.
"fastsed.Parser.CommandsNoArgs" end time: May 23 23:55 AEST
"fastsed.Parser.CommandsNoArgs" time elapsed: 00:00:00
----------------------------------------------------------

34/148 Testing: fastsed.Parser.SubstBasic
34/148 Test: fastsed.Parser.SubstBasic
Command: "/home/christian/local/repos/CppSed/Bin/Tests/fastsed_tests" "--gtest_filter=Parser.SubstBasic" "--gtest_also_run_disabled_tests"
Directory: /home/christian/local/repos/CppSed
"fastsed.Parser.SubstBasic" start time: May 23 23:55 AEST
Output:
----------------------------------------------------------
Running main() from /home/christian/local/repos/CppSed/Ext/googletest/googletest/src/gtest_main.cc
Note: Google Test filter = Parser.SubstBasic
[==========] Running 1 test from 1 test suite.
[----------] Global test environment set-up.
[----------] 1 test from Parser
[ RUN      ] Parser.SubstBasic
[       OK ] Parser.SubstBasic (0 ms)
[----------] 1 test from Parser (0 ms total)

[----------] Global test environment tear-down
[==========] 1 test from 1 test suite ran. (0 ms total)
[  PASSED  ] 1 test.
<end of output>
Test time =   0.00 sec
----------------------------------------------------------
Test Passed.
"fastsed.Parser.SubstBasic" end time: May 23 23:55 AEST
"fastsed.Parser.SubstBasic" time elapsed: 00:00:00
----------------------------------------------------------

35/148 Testing: fastsed.Parser.SubstGlobal
35/148 Test: fastsed.Parser.SubstGlobal
Command: "/home/christian/local/repos/CppSed/Bin/Tests/fastsed_tests" "--gtest_filter=Parser.SubstGlobal" "--gtest_also_run_disabled_tests"
Directory: /home/christian/local/repos/CppSed
"fastsed.Parser.SubstGlobal" start time: May 23 23:55 AEST
Output:
----------------------------------------------------------
Running main() from /home/christian/local/repos/CppSed/Ext/googletest/googletest/src/gtest_main.cc
Note: Google Test filter = Parser.SubstGlobal
[==========] Running 1 test from 1 test suite.
[----------] Global test environment set-up.
[----------] 1 test from Parser
[ RUN      ] Parser.SubstGlobal
[       OK ] Parser.SubstGlobal (0 ms)
[----------] 1 test from Parser (0 ms total)

[----------] Global test environment tear-down
[==========] 1 test from 1 test suite ran. (0 ms total)
[  PASSED  ] 1 test.
<end of output>
Test time =   0.00 sec
----------------------------------------------------------
Test Passed.
"fastsed.Parser.SubstGlobal" end time: May 23 23:55 AEST
"fastsed.Parser.SubstGlobal" time elapsed: 00:00:00
----------------------------------------------------------

36/148 Testing: fastsed.Parser.SubstPrint
36/148 Test: fastsed.Parser.SubstPrint
Command: "/home/christian/local/repos/CppSed/Bin/Tests/fastsed_tests" "--gtest_filter=Parser.SubstPrint" "--gtest_also_run_disabled_tests"
Directory: /home/christian/local/repos/CppSed
"fastsed.Parser.SubstPrint" start time: May 23 23:55 AEST
Output:
----------------------------------------------------------
Running main() from /home/christian/local/repos/CppSed/Ext/googletest/googletest/src/gtest_main.cc
Note: Google Test filter = Parser.SubstPrint
[==========] Running 1 test from 1 test suite.
[----------] Global test environment set-up.
[----------] 1 test from Parser
[ RUN      ] Parser.SubstPrint
[       OK ] Parser.SubstPrint (0 ms)
[----------] 1 test from Parser (0 ms total)

[----------] Global test environment tear-down
[==========] 1 test from 1 test suite ran. (0 ms total)
[  PASSED  ] 1 test.
<end of output>
Test time =   0.00 sec
----------------------------------------------------------
Test Passed.
"fastsed.Parser.SubstPrint" end time: May 23 23:55 AEST
"fastsed.Parser.SubstPrint" time elapsed: 00:00:00
----------------------------------------------------------

37/148 Testing: fastsed.Parser.SubstNth
37/148 Test: fastsed.Parser.SubstNth
Command: "/home/christian/local/repos/CppSed/Bin/Tests/fastsed_tests" "--gtest_filter=Parser.SubstNth" "--gtest_also_run_disabled_tests"
Directory: /home/christian/local/repos/CppSed
"fastsed.Parser.SubstNth" start time: May 23 23:55 AEST
Output:
----------------------------------------------------------
Running main() from /home/christian/local/repos/CppSed/Ext/googletest/googletest/src/gtest_main.cc
Note: Google Test filter = Parser.SubstNth
[==========] Running 1 test from 1 test suite.
[----------] Global test environment set-up.
[----------] 1 test from Parser
[ RUN      ] Parser.SubstNth
[       OK ] Parser.SubstNth (0 ms)
[----------] 1 test from Parser (0 ms total)

[----------] Global test environment tear-down
[==========] 1 test from 1 test suite ran. (0 ms total)
[  PASSED  ] 1 test.
<end of output>
Test time =   0.00 sec
----------------------------------------------------------
Test Passed.
"fastsed.Parser.SubstNth" end time: May 23 23:55 AEST
"fastsed.Parser.SubstNth" time elapsed: 00:00:00
----------------------------------------------------------

38/148 Testing: fastsed.Parser.SubstIcase
38/148 Test: fastsed.Parser.SubstIcase
Command: "/home/christian/local/repos/CppSed/Bin/Tests/fastsed_tests" "--gtest_filter=Parser.SubstIcase" "--gtest_also_run_disabled_tests"
Directory: /home/christian/local/repos/CppSed
"fastsed.Parser.SubstIcase" start time: May 23 23:55 AEST
Output:
----------------------------------------------------------
Running main() from /home/christian/local/repos/CppSed/Ext/googletest/googletest/src/gtest_main.cc
Note: Google Test filter = Parser.SubstIcase
[==========] Running 1 test from 1 test suite.
[----------] Global test environment set-up.
[----------] 1 test from Parser
[ RUN      ] Parser.SubstIcase
[       OK ] Parser.SubstIcase (0 ms)
[----------] 1 test from Parser (0 ms total)

[----------] Global test environment tear-down
[==========] 1 test from 1 test suite ran. (0 ms total)
[  PASSED  ] 1 test.
<end of output>
Test time =   0.00 sec
----------------------------------------------------------
Test Passed.
"fastsed.Parser.SubstIcase" end time: May 23 23:55 AEST
"fastsed.Parser.SubstIcase" time elapsed: 00:00:00
----------------------------------------------------------

39/148 Testing: fastsed.Parser.SubstMultipleFlags
39/148 Test: fastsed.Parser.SubstMultipleFlags
Command: "/home/christian/local/repos/CppSed/Bin/Tests/fastsed_tests" "--gtest_filter=Parser.SubstMultipleFlags" "--gtest_also_run_disabled_tests"
Directory: /home/christian/local/repos/CppSed
"fastsed.Parser.SubstMultipleFlags" start time: May 23 23:55 AEST
Output:
----------------------------------------------------------
Running main() from /home/christian/local/repos/CppSed/Ext/googletest/googletest/src/gtest_main.cc
Note: Google Test filter = Parser.SubstMultipleFlags
[==========] Running 1 test from 1 test suite.
[----------] Global test environment set-up.
[----------] 1 test from Parser
[ RUN      ] Parser.SubstMultipleFlags
[       OK ] Parser.SubstMultipleFlags (0 ms)
[----------] 1 test from Parser (0 ms total)

[----------] Global test environment tear-down
[==========] 1 test from 1 test suite ran. (0 ms total)
[  PASSED  ] 1 test.
<end of output>
Test time =   0.01 sec
----------------------------------------------------------
Test Passed.
"fastsed.Parser.SubstMultipleFlags" end time: May 23 23:55 AEST
"fastsed.Parser.SubstMultipleFlags" time elapsed: 00:00:00
----------------------------------------------------------

40/148 Testing: fastsed.Parser.SubstAlternateDelimiter
40/148 Test: fastsed.Parser.SubstAlternateDelimiter
Command: "/home/christian/local/repos/CppSed/Bin/Tests/fastsed_tests" "--gtest_filter=Parser.SubstAlternateDelimiter" "--gtest_also_run_disabled_tests"
Directory: /home/christian/local/repos/CppSed
"fastsed.Parser.SubstAlternateDelimiter" start time: May 23 23:55 AEST
Output:
----------------------------------------------------------
Running main() from /home/christian/local/repos/CppSed/Ext/googletest/googletest/src/gtest_main.cc
Note: Google Test filter = Parser.SubstAlternateDelimiter
[==========] Running 1 test from 1 test suite.
[----------] Global test environment set-up.
[----------] 1 test from Parser
[ RUN      ] Parser.SubstAlternateDelimiter
[       OK ] Parser.SubstAlternateDelimiter (0 ms)
[----------] 1 test from Parser (0 ms total)

[----------] Global test environment tear-down
[==========] 1 test from 1 test suite ran. (0 ms total)
[  PASSED  ] 1 test.
<end of output>
Test time =   0.01 sec
----------------------------------------------------------
Test Passed.
"fastsed.Parser.SubstAlternateDelimiter" end time: May 23 23:55 AEST
"fastsed.Parser.SubstAlternateDelimiter" time elapsed: 00:00:00
----------------------------------------------------------

41/148 Testing: fastsed.Parser.TranslitBasic
41/148 Test: fastsed.Parser.TranslitBasic
Command: "/home/christian/local/repos/CppSed/Bin/Tests/fastsed_tests" "--gtest_filter=Parser.TranslitBasic" "--gtest_also_run_disabled_tests"
Directory: /home/christian/local/repos/CppSed
"fastsed.Parser.TranslitBasic" start time: May 23 23:55 AEST
Output:
----------------------------------------------------------
Running main() from /home/christian/local/repos/CppSed/Ext/googletest/googletest/src/gtest_main.cc
Note: Google Test filter = Parser.TranslitBasic
[==========] Running 1 test from 1 test suite.
[----------] Global test environment set-up.
[----------] 1 test from Parser
[ RUN      ] Parser.TranslitBasic
[       OK ] Parser.TranslitBasic (0 ms)
[----------] 1 test from Parser (0 ms total)

[----------] Global test environment tear-down
[==========] 1 test from 1 test suite ran. (0 ms total)
[  PASSED  ] 1 test.
<end of output>
Test time =   0.01 sec
----------------------------------------------------------
Test Passed.
"fastsed.Parser.TranslitBasic" end time: May 23 23:55 AEST
"fastsed.Parser.TranslitBasic" time elapsed: 00:00:00
----------------------------------------------------------

42/148 Testing: fastsed.Parser.TranslitNewlineEscape
42/148 Test: fastsed.Parser.TranslitNewlineEscape
Command: "/home/christian/local/repos/CppSed/Bin/Tests/fastsed_tests" "--gtest_filter=Parser.TranslitNewlineEscape" "--gtest_also_run_disabled_tests"
Directory: /home/christian/local/repos/CppSed
"fastsed.Parser.TranslitNewlineEscape" start time: May 23 23:55 AEST
Output:
----------------------------------------------------------
Running main() from /home/christian/local/repos/CppSed/Ext/googletest/googletest/src/gtest_main.cc
Note: Google Test filter = Parser.TranslitNewlineEscape
[==========] Running 1 test from 1 test suite.
[----------] Global test environment set-up.
[----------] 1 test from Parser
[ RUN      ] Parser.TranslitNewlineEscape
[       OK ] Parser.TranslitNewlineEscape (0 ms)
[----------] 1 test from Parser (0 ms total)

[----------] Global test environment tear-down
[==========] 1 test from 1 test suite ran. (0 ms total)
[  PASSED  ] 1 test.
<end of output>
Test time =   0.00 sec
----------------------------------------------------------
Test Passed.
"fastsed.Parser.TranslitNewlineEscape" end time: May 23 23:55 AEST
"fastsed.Parser.TranslitNewlineEscape" time elapsed: 00:00:00
----------------------------------------------------------

43/148 Testing: fastsed.Parser.AppendText
43/148 Test: fastsed.Parser.AppendText
Command: "/home/christian/local/repos/CppSed/Bin/Tests/fastsed_tests" "--gtest_filter=Parser.AppendText" "--gtest_also_run_disabled_tests"
Directory: /home/christian/local/repos/CppSed
"fastsed.Parser.AppendText" start time: May 23 23:55 AEST
Output:
----------------------------------------------------------
Running main() from /home/christian/local/repos/CppSed/Ext/googletest/googletest/src/gtest_main.cc
Note: Google Test filter = Parser.AppendText
[==========] Running 1 test from 1 test suite.
[----------] Global test environment set-up.
[----------] 1 test from Parser
[ RUN      ] Parser.AppendText
[       OK ] Parser.AppendText (0 ms)
[----------] 1 test from Parser (0 ms total)

[----------] Global test environment tear-down
[==========] 1 test from 1 test suite ran. (0 ms total)
[  PASSED  ] 1 test.
<end of output>
Test time =   0.00 sec
----------------------------------------------------------
Test Passed.
"fastsed.Parser.AppendText" end time: May 23 23:55 AEST
"fastsed.Parser.AppendText" time elapsed: 00:00:00
----------------------------------------------------------

44/148 Testing: fastsed.Parser.InsertText
44/148 Test: fastsed.Parser.InsertText
Command: "/home/christian/local/repos/CppSed/Bin/Tests/fastsed_tests" "--gtest_filter=Parser.InsertText" "--gtest_also_run_disabled_tests"
Directory: /home/christian/local/repos/CppSed
"fastsed.Parser.InsertText" start time: May 23 23:55 AEST
Output:
----------------------------------------------------------
Running main() from /home/christian/local/repos/CppSed/Ext/googletest/googletest/src/gtest_main.cc
Note: Google Test filter = Parser.InsertText
[==========] Running 1 test from 1 test suite.
[----------] Global test environment set-up.
[----------] 1 test from Parser
[ RUN      ] Parser.InsertText
[       OK ] Parser.InsertText (0 ms)
[----------] 1 test from Parser (0 ms total)

[----------] Global test environment tear-down
[==========] 1 test from 1 test suite ran. (0 ms total)
[  PASSED  ] 1 test.
<end of output>
Test time =   0.00 sec
----------------------------------------------------------
Test Passed.
"fastsed.Parser.InsertText" end time: May 23 23:55 AEST
"fastsed.Parser.InsertText" time elapsed: 00:00:00
----------------------------------------------------------

45/148 Testing: fastsed.Parser.LabelDefinition
45/148 Test: fastsed.Parser.LabelDefinition
Command: "/home/christian/local/repos/CppSed/Bin/Tests/fastsed_tests" "--gtest_filter=Parser.LabelDefinition" "--gtest_also_run_disabled_tests"
Directory: /home/christian/local/repos/CppSed
"fastsed.Parser.LabelDefinition" start time: May 23 23:55 AEST
Output:
----------------------------------------------------------
Running main() from /home/christian/local/repos/CppSed/Ext/googletest/googletest/src/gtest_main.cc
Note: Google Test filter = Parser.LabelDefinition
[==========] Running 1 test from 1 test suite.
[----------] Global test environment set-up.
[----------] 1 test from Parser
[ RUN      ] Parser.LabelDefinition
[       OK ] Parser.LabelDefinition (0 ms)
[----------] 1 test from Parser (0 ms total)

[----------] Global test environment tear-down
[==========] 1 test from 1 test suite ran. (0 ms total)
[  PASSED  ] 1 test.
<end of output>
Test time =   0.00 sec
----------------------------------------------------------
Test Passed.
"fastsed.Parser.LabelDefinition" end time: May 23 23:55 AEST
"fastsed.Parser.LabelDefinition" time elapsed: 00:00:00
----------------------------------------------------------

46/148 Testing: fastsed.Parser.BranchUnconditional
46/148 Test: fastsed.Parser.BranchUnconditional
Command: "/home/christian/local/repos/CppSed/Bin/Tests/fastsed_tests" "--gtest_filter=Parser.BranchUnconditional" "--gtest_also_run_disabled_tests"
Directory: /home/christian/local/repos/CppSed
"fastsed.Parser.BranchUnconditional" start time: May 23 23:55 AEST
Output:
----------------------------------------------------------
Running main() from /home/christian/local/repos/CppSed/Ext/googletest/googletest/src/gtest_main.cc
Note: Google Test filter = Parser.BranchUnconditional
[==========] Running 1 test from 1 test suite.
[----------] Global test environment set-up.
[----------] 1 test from Parser
[ RUN      ] Parser.BranchUnconditional
[       OK ] Parser.BranchUnconditional (0 ms)
[----------] 1 test from Parser (0 ms total)

[----------] Global test environment tear-down
[==========] 1 test from 1 test suite ran. (0 ms total)
[  PASSED  ] 1 test.
<end of output>
Test time =   0.00 sec
----------------------------------------------------------
Test Passed.
"fastsed.Parser.BranchUnconditional" end time: May 23 23:55 AEST
"fastsed.Parser.BranchUnconditional" time elapsed: 00:00:00
----------------------------------------------------------

47/148 Testing: fastsed.Parser.BranchEmpty
47/148 Test: fastsed.Parser.BranchEmpty
Command: "/home/christian/local/repos/CppSed/Bin/Tests/fastsed_tests" "--gtest_filter=Parser.BranchEmpty" "--gtest_also_run_disabled_tests"
Directory: /home/christian/local/repos/CppSed
"fastsed.Parser.BranchEmpty" start time: May 23 23:55 AEST
Output:
----------------------------------------------------------
Running main() from /home/christian/local/repos/CppSed/Ext/googletest/googletest/src/gtest_main.cc
Note: Google Test filter = Parser.BranchEmpty
[==========] Running 1 test from 1 test suite.
[----------] Global test environment set-up.
[----------] 1 test from Parser
[ RUN      ] Parser.BranchEmpty
[       OK ] Parser.BranchEmpty (0 ms)
[----------] 1 test from Parser (0 ms total)

[----------] Global test environment tear-down
[==========] 1 test from 1 test suite ran. (0 ms total)
[  PASSED  ] 1 test.
<end of output>
Test time =   0.00 sec
----------------------------------------------------------
Test Passed.
"fastsed.Parser.BranchEmpty" end time: May 23 23:55 AEST
"fastsed.Parser.BranchEmpty" time elapsed: 00:00:00
----------------------------------------------------------

48/148 Testing: fastsed.Parser.BlockWithCommands
48/148 Test: fastsed.Parser.BlockWithCommands
Command: "/home/christian/local/repos/CppSed/Bin/Tests/fastsed_tests" "--gtest_filter=Parser.BlockWithCommands" "--gtest_also_run_disabled_tests"
Directory: /home/christian/local/repos/CppSed
"fastsed.Parser.BlockWithCommands" start time: May 23 23:55 AEST
Output:
----------------------------------------------------------
Running main() from /home/christian/local/repos/CppSed/Ext/googletest/googletest/src/gtest_main.cc
Note: Google Test filter = Parser.BlockWithCommands
[==========] Running 1 test from 1 test suite.
[----------] Global test environment set-up.
[----------] 1 test from Parser
[ RUN      ] Parser.BlockWithCommands
[       OK ] Parser.BlockWithCommands (0 ms)
[----------] 1 test from Parser (0 ms total)

[----------] Global test environment tear-down
[==========] 1 test from 1 test suite ran. (0 ms total)
[  PASSED  ] 1 test.
<end of output>
Test time =   0.00 sec
----------------------------------------------------------
Test Passed.
"fastsed.Parser.BlockWithCommands" end time: May 23 23:55 AEST
"fastsed.Parser.BlockWithCommands" time elapsed: 00:00:00
----------------------------------------------------------

49/148 Testing: fastsed.Parser.QuitExitCode
49/148 Test: fastsed.Parser.QuitExitCode
Command: "/home/christian/local/repos/CppSed/Bin/Tests/fastsed_tests" "--gtest_filter=Parser.QuitExitCode" "--gtest_also_run_disabled_tests"
Directory: /home/christian/local/repos/CppSed
"fastsed.Parser.QuitExitCode" start time: May 23 23:55 AEST
Output:
----------------------------------------------------------
Running main() from /home/christian/local/repos/CppSed/Ext/googletest/googletest/src/gtest_main.cc
Note: Google Test filter = Parser.QuitExitCode
[==========] Running 1 test from 1 test suite.
[----------] Global test environment set-up.
[----------] 1 test from Parser
[ RUN      ] Parser.QuitExitCode
[       OK ] Parser.QuitExitCode (0 ms)
[----------] 1 test from Parser (0 ms total)

[----------] Global test environment tear-down
[==========] 1 test from 1 test suite ran. (0 ms total)
[  PASSED  ] 1 test.
<end of output>
Test time =   0.00 sec
----------------------------------------------------------
Test Passed.
"fastsed.Parser.QuitExitCode" end time: May 23 23:55 AEST
"fastsed.Parser.QuitExitCode" time elapsed: 00:00:00
----------------------------------------------------------

50/148 Testing: fastsed.Parser.MultipleCommandsSemicolon
50/148 Test: fastsed.Parser.MultipleCommandsSemicolon
Command: "/home/christian/local/repos/CppSed/Bin/Tests/fastsed_tests" "--gtest_filter=Parser.MultipleCommandsSemicolon" "--gtest_also_run_disabled_tests"
Directory: /home/christian/local/repos/CppSed
"fastsed.Parser.MultipleCommandsSemicolon" start time: May 23 23:55 AEST
Output:
----------------------------------------------------------
Running main() from /home/christian/local/repos/CppSed/Ext/googletest/googletest/src/gtest_main.cc
Note: Google Test filter = Parser.MultipleCommandsSemicolon
[==========] Running 1 test from 1 test suite.
[----------] Global test environment set-up.
[----------] 1 test from Parser
[ RUN      ] Parser.MultipleCommandsSemicolon
[       OK ] Parser.MultipleCommandsSemicolon (0 ms)
[----------] 1 test from Parser (0 ms total)

[----------] Global test environment tear-down
[==========] 1 test from 1 test suite ran. (0 ms total)
[  PASSED  ] 1 test.
<end of output>
Test time =   0.01 sec
----------------------------------------------------------
Test Passed.
"fastsed.Parser.MultipleCommandsSemicolon" end time: May 23 23:55 AEST
"fastsed.Parser.MultipleCommandsSemicolon" time elapsed: 00:00:00
----------------------------------------------------------

51/148 Testing: fastsed.Parser.MultipleCommandsNewline
51/148 Test: fastsed.Parser.MultipleCommandsNewline
Command: "/home/christian/local/repos/CppSed/Bin/Tests/fastsed_tests" "--gtest_filter=Parser.MultipleCommandsNewline" "--gtest_also_run_disabled_tests"
Directory: /home/christian/local/repos/CppSed
"fastsed.Parser.MultipleCommandsNewline" start time: May 23 23:55 AEST
Output:
----------------------------------------------------------
Running main() from /home/christian/local/repos/CppSed/Ext/googletest/googletest/src/gtest_main.cc
Note: Google Test filter = Parser.MultipleCommandsNewline
[==========] Running 1 test from 1 test suite.
[----------] Global test environment set-up.
[----------] 1 test from Parser
[ RUN      ] Parser.MultipleCommandsNewline
[       OK ] Parser.MultipleCommandsNewline (0 ms)
[----------] 1 test from Parser (0 ms total)

[----------] Global test environment tear-down
[==========] 1 test from 1 test suite ran. (0 ms total)
[  PASSED  ] 1 test.
<end of output>
Test time =   0.00 sec
----------------------------------------------------------
Test Passed.
"fastsed.Parser.MultipleCommandsNewline" end time: May 23 23:55 AEST
"fastsed.Parser.MultipleCommandsNewline" time elapsed: 00:00:00
----------------------------------------------------------

52/148 Testing: fastsed.Parser.CommentIsIgnored
52/148 Test: fastsed.Parser.CommentIsIgnored
Command: "/home/christian/local/repos/CppSed/Bin/Tests/fastsed_tests" "--gtest_filter=Parser.CommentIsIgnored" "--gtest_also_run_disabled_tests"
Directory: /home/christian/local/repos/CppSed
"fastsed.Parser.CommentIsIgnored" start time: May 23 23:55 AEST
Output:
----------------------------------------------------------
Running main() from /home/christian/local/repos/CppSed/Ext/googletest/googletest/src/gtest_main.cc
Note: Google Test filter = Parser.CommentIsIgnored
[==========] Running 1 test from 1 test suite.
[----------] Global test environment set-up.
[----------] 1 test from Parser
[ RUN      ] Parser.CommentIsIgnored
[       OK ] Parser.CommentIsIgnored (0 ms)
[----------] 1 test from Parser (0 ms total)

[----------] Global test environment tear-down
[==========] 1 test from 1 test suite ran. (0 ms total)
[  PASSED  ] 1 test.
<end of output>
Test time =   0.01 sec
----------------------------------------------------------
Test Passed.
"fastsed.Parser.CommentIsIgnored" end time: May 23 23:55 AEST
"fastsed.Parser.CommentIsIgnored" time elapsed: 00:00:00
----------------------------------------------------------

53/148 Testing: fastsed.Parser.HashNDetected
53/148 Test: fastsed.Parser.HashNDetected
Command: "/home/christian/local/repos/CppSed/Bin/Tests/fastsed_tests" "--gtest_filter=Parser.HashNDetected" "--gtest_also_run_disabled_tests"
Directory: /home/christian/local/repos/CppSed
"fastsed.Parser.HashNDetected" start time: May 23 23:55 AEST
Output:
----------------------------------------------------------
Running main() from /home/christian/local/repos/CppSed/Ext/googletest/googletest/src/gtest_main.cc
Note: Google Test filter = Parser.HashNDetected
[==========] Running 1 test from 1 test suite.
[----------] Global test environment set-up.
[----------] 1 test from Parser
[ RUN      ] Parser.HashNDetected
[       OK ] Parser.HashNDetected (0 ms)
[----------] 1 test from Parser (0 ms total)

[----------] Global test environment tear-down
[==========] 1 test from 1 test suite ran. (0 ms total)
[  PASSED  ] 1 test.
<end of output>
Test time =   0.00 sec
----------------------------------------------------------
Test Passed.
"fastsed.Parser.HashNDetected" end time: May 23 23:55 AEST
"fastsed.Parser.HashNDetected" time elapsed: 00:00:00
----------------------------------------------------------

54/148 Testing: fastsed.Parser.HashNNotFirst
54/148 Test: fastsed.Parser.HashNNotFirst
Command: "/home/christian/local/repos/CppSed/Bin/Tests/fastsed_tests" "--gtest_filter=Parser.HashNNotFirst" "--gtest_also_run_disabled_tests"
Directory: /home/christian/local/repos/CppSed
"fastsed.Parser.HashNNotFirst" start time: May 23 23:55 AEST
Output:
----------------------------------------------------------
Running main() from /home/christian/local/repos/CppSed/Ext/googletest/googletest/src/gtest_main.cc
Note: Google Test filter = Parser.HashNNotFirst
[==========] Running 1 test from 1 test suite.
[----------] Global test environment set-up.
[----------] 1 test from Parser
[ RUN      ] Parser.HashNNotFirst
[       OK ] Parser.HashNNotFirst (0 ms)
[----------] 1 test from Parser (0 ms total)

[----------] Global test environment tear-down
[==========] 1 test from 1 test suite ran. (0 ms total)
[  PASSED  ] 1 test.
<end of output>
Test time =   0.00 sec
----------------------------------------------------------
Test Passed.
"fastsed.Parser.HashNNotFirst" end time: May 23 23:55 AEST
"fastsed.Parser.HashNNotFirst" time elapsed: 00:00:00
----------------------------------------------------------

55/148 Testing: fastsed.Parser.ListDefaultWidth
55/148 Test: fastsed.Parser.ListDefaultWidth
Command: "/home/christian/local/repos/CppSed/Bin/Tests/fastsed_tests" "--gtest_filter=Parser.ListDefaultWidth" "--gtest_also_run_disabled_tests"
Directory: /home/christian/local/repos/CppSed
"fastsed.Parser.ListDefaultWidth" start time: May 23 23:55 AEST
Output:
----------------------------------------------------------
Running main() from /home/christian/local/repos/CppSed/Ext/googletest/googletest/src/gtest_main.cc
Note: Google Test filter = Parser.ListDefaultWidth
[==========] Running 1 test from 1 test suite.
[----------] Global test environment set-up.
[----------] 1 test from Parser
[ RUN      ] Parser.ListDefaultWidth
[       OK ] Parser.ListDefaultWidth (0 ms)
[----------] 1 test from Parser (0 ms total)

[----------] Global test environment tear-down
[==========] 1 test from 1 test suite ran. (0 ms total)
[  PASSED  ] 1 test.
<end of output>
Test time =   0.00 sec
----------------------------------------------------------
Test Passed.
"fastsed.Parser.ListDefaultWidth" end time: May 23 23:55 AEST
"fastsed.Parser.ListDefaultWidth" time elapsed: 00:00:00
----------------------------------------------------------

56/148 Testing: fastsed.Parser.ListCustomWidth
56/148 Test: fastsed.Parser.ListCustomWidth
Command: "/home/christian/local/repos/CppSed/Bin/Tests/fastsed_tests" "--gtest_filter=Parser.ListCustomWidth" "--gtest_also_run_disabled_tests"
Directory: /home/christian/local/repos/CppSed
"fastsed.Parser.ListCustomWidth" start time: May 23 23:55 AEST
Output:
----------------------------------------------------------
Running main() from /home/christian/local/repos/CppSed/Ext/googletest/googletest/src/gtest_main.cc
Note: Google Test filter = Parser.ListCustomWidth
[==========] Running 1 test from 1 test suite.
[----------] Global test environment set-up.
[----------] 1 test from Parser
[ RUN      ] Parser.ListCustomWidth
[       OK ] Parser.ListCustomWidth (0 ms)
[----------] 1 test from Parser (0 ms total)

[----------] Global test environment tear-down
[==========] 1 test from 1 test suite ran. (0 ms total)
[  PASSED  ] 1 test.
<end of output>
Test time =   0.00 sec
----------------------------------------------------------
Test Passed.
"fastsed.Parser.ListCustomWidth" end time: May 23 23:55 AEST
"fastsed.Parser.ListCustomWidth" time elapsed: 00:00:00
----------------------------------------------------------

57/148 Testing: fastsed.Linker.SingleCommand
57/148 Test: fastsed.Linker.SingleCommand
Command: "/home/christian/local/repos/CppSed/Bin/Tests/fastsed_tests" "--gtest_filter=Linker.SingleCommand" "--gtest_also_run_disabled_tests"
Directory: /home/christian/local/repos/CppSed
"fastsed.Linker.SingleCommand" start time: May 23 23:55 AEST
Output:
----------------------------------------------------------
Running main() from /home/christian/local/repos/CppSed/Ext/googletest/googletest/src/gtest_main.cc
Note: Google Test filter = Linker.SingleCommand
[==========] Running 1 test from 1 test suite.
[----------] Global test environment set-up.
[----------] 1 test from Linker
[ RUN      ] Linker.SingleCommand
[       OK ] Linker.SingleCommand (0 ms)
[----------] 1 test from Linker (0 ms total)

[----------] Global test environment tear-down
[==========] 1 test from 1 test suite ran. (0 ms total)
[  PASSED  ] 1 test.
<end of output>
Test time =   0.00 sec
----------------------------------------------------------
Test Passed.
"fastsed.Linker.SingleCommand" end time: May 23 23:55 AEST
"fastsed.Linker.SingleCommand" time elapsed: 00:00:00
----------------------------------------------------------

58/148 Testing: fastsed.Linker.TwoCommands
58/148 Test: fastsed.Linker.TwoCommands
Command: "/home/christian/local/repos/CppSed/Bin/Tests/fastsed_tests" "--gtest_filter=Linker.TwoCommands" "--gtest_also_run_disabled_tests"
Directory: /home/christian/local/repos/CppSed
"fastsed.Linker.TwoCommands" start time: May 23 23:55 AEST
Output:
----------------------------------------------------------
Running main() from /home/christian/local/repos/CppSed/Ext/googletest/googletest/src/gtest_main.cc
Note: Google Test filter = Linker.TwoCommands
[==========] Running 1 test from 1 test suite.
[----------] Global test environment set-up.
[----------] 1 test from Linker
[ RUN      ] Linker.TwoCommands
[       OK ] Linker.TwoCommands (0 ms)
[----------] 1 test from Linker (0 ms total)

[----------] Global test environment tear-down
[==========] 1 test from 1 test suite ran. (0 ms total)
[  PASSED  ] 1 test.
<end of output>
Test time =   0.00 sec
----------------------------------------------------------
Test Passed.
"fastsed.Linker.TwoCommands" end time: May 23 23:55 AEST
"fastsed.Linker.TwoCommands" time elapsed: 00:00:00
----------------------------------------------------------

59/148 Testing: fastsed.Linker.BlockFlattenedWithSentinel
59/148 Test: fastsed.Linker.BlockFlattenedWithSentinel
Command: "/home/christian/local/repos/CppSed/Bin/Tests/fastsed_tests" "--gtest_filter=Linker.BlockFlattenedWithSentinel" "--gtest_also_run_disabled_tests"
Directory: /home/christian/local/repos/CppSed
"fastsed.Linker.BlockFlattenedWithSentinel" start time: May 23 23:55 AEST
Output:
----------------------------------------------------------
Running main() from /home/christian/local/repos/CppSed/Ext/googletest/googletest/src/gtest_main.cc
Note: Google Test filter = Linker.BlockFlattenedWithSentinel
[==========] Running 1 test from 1 test suite.
[----------] Global test environment set-up.
[----------] 1 test from Linker
[ RUN      ] Linker.BlockFlattenedWithSentinel
[       OK ] Linker.BlockFlattenedWithSentinel (0 ms)
[----------] 1 test from Linker (0 ms total)

[----------] Global test environment tear-down
[==========] 1 test from 1 test suite ran. (0 ms total)
[  PASSED  ] 1 test.
<end of output>
Test time =   0.00 sec
----------------------------------------------------------
Test Passed.
"fastsed.Linker.BlockFlattenedWithSentinel" end time: May 23 23:55 AEST
"fastsed.Linker.BlockFlattenedWithSentinel" time elapsed: 00:00:00
----------------------------------------------------------

60/148 Testing: fastsed.Linker.BlockJumpSkipsPastSentinel
60/148 Test: fastsed.Linker.BlockJumpSkipsPastSentinel
Command: "/home/christian/local/repos/CppSed/Bin/Tests/fastsed_tests" "--gtest_filter=Linker.BlockJumpSkipsPastSentinel" "--gtest_also_run_disabled_tests"
Directory: /home/christian/local/repos/CppSed
"fastsed.Linker.BlockJumpSkipsPastSentinel" start time: May 23 23:55 AEST
Output:
----------------------------------------------------------
Running main() from /home/christian/local/repos/CppSed/Ext/googletest/googletest/src/gtest_main.cc
Note: Google Test filter = Linker.BlockJumpSkipsPastSentinel
[==========] Running 1 test from 1 test suite.
[----------] Global test environment set-up.
[----------] 1 test from Linker
[ RUN      ] Linker.BlockJumpSkipsPastSentinel
[       OK ] Linker.BlockJumpSkipsPastSentinel (0 ms)
[----------] 1 test from Linker (0 ms total)

[----------] Global test environment tear-down
[==========] 1 test from 1 test suite ran. (0 ms total)
[  PASSED  ] 1 test.
<end of output>
Test time =   0.01 sec
----------------------------------------------------------
Test Passed.
"fastsed.Linker.BlockJumpSkipsPastSentinel" end time: May 23 23:55 AEST
"fastsed.Linker.BlockJumpSkipsPastSentinel" time elapsed: 00:00:00
----------------------------------------------------------

61/148 Testing: fastsed.Linker.NestedBlock
61/148 Test: fastsed.Linker.NestedBlock
Command: "/home/christian/local/repos/CppSed/Bin/Tests/fastsed_tests" "--gtest_filter=Linker.NestedBlock" "--gtest_also_run_disabled_tests"
Directory: /home/christian/local/repos/CppSed
"fastsed.Linker.NestedBlock" start time: May 23 23:55 AEST
Output:
----------------------------------------------------------
Running main() from /home/christian/local/repos/CppSed/Ext/googletest/googletest/src/gtest_main.cc
Note: Google Test filter = Linker.NestedBlock
[==========] Running 1 test from 1 test suite.
[----------] Global test environment set-up.
[----------] 1 test from Linker
[ RUN      ] Linker.NestedBlock
[       OK ] Linker.NestedBlock (0 ms)
[----------] 1 test from Linker (0 ms total)

[----------] Global test environment tear-down
[==========] 1 test from 1 test suite ran. (0 ms total)
[  PASSED  ] 1 test.
<end of output>
Test time =   0.01 sec
----------------------------------------------------------
Test Passed.
"fastsed.Linker.NestedBlock" end time: May 23 23:55 AEST
"fastsed.Linker.NestedBlock" time elapsed: 00:00:00
----------------------------------------------------------

62/148 Testing: fastsed.Linker.LabelKeptAsNop
62/148 Test: fastsed.Linker.LabelKeptAsNop
Command: "/home/christian/local/repos/CppSed/Bin/Tests/fastsed_tests" "--gtest_filter=Linker.LabelKeptAsNop" "--gtest_also_run_disabled_tests"
Directory: /home/christian/local/repos/CppSed
"fastsed.Linker.LabelKeptAsNop" start time: May 23 23:55 AEST
Output:
----------------------------------------------------------
Running main() from /home/christian/local/repos/CppSed/Ext/googletest/googletest/src/gtest_main.cc
Note: Google Test filter = Linker.LabelKeptAsNop
[==========] Running 1 test from 1 test suite.
[----------] Global test environment set-up.
[----------] 1 test from Linker
[ RUN      ] Linker.LabelKeptAsNop
[       OK ] Linker.LabelKeptAsNop (0 ms)
[----------] 1 test from Linker (0 ms total)

[----------] Global test environment tear-down
[==========] 1 test from 1 test suite ran. (0 ms total)
[  PASSED  ] 1 test.
<end of output>
Test time =   0.00 sec
----------------------------------------------------------
Test Passed.
"fastsed.Linker.LabelKeptAsNop" end time: May 23 23:55 AEST
"fastsed.Linker.LabelKeptAsNop" time elapsed: 00:00:00
----------------------------------------------------------

63/148 Testing: fastsed.Linker.BranchResolvesToLabel
63/148 Test: fastsed.Linker.BranchResolvesToLabel
Command: "/home/christian/local/repos/CppSed/Bin/Tests/fastsed_tests" "--gtest_filter=Linker.BranchResolvesToLabel" "--gtest_also_run_disabled_tests"
Directory: /home/christian/local/repos/CppSed
"fastsed.Linker.BranchResolvesToLabel" start time: May 23 23:55 AEST
Output:
----------------------------------------------------------
Running main() from /home/christian/local/repos/CppSed/Ext/googletest/googletest/src/gtest_main.cc
Note: Google Test filter = Linker.BranchResolvesToLabel
[==========] Running 1 test from 1 test suite.
[----------] Global test environment set-up.
[----------] 1 test from Linker
[ RUN      ] Linker.BranchResolvesToLabel
[       OK ] Linker.BranchResolvesToLabel (0 ms)
[----------] 1 test from Linker (0 ms total)

[----------] Global test environment tear-down
[==========] 1 test from 1 test suite ran. (0 ms total)
[  PASSED  ] 1 test.
<end of output>
Test time =   0.01 sec
----------------------------------------------------------
Test Passed.
"fastsed.Linker.BranchResolvesToLabel" end time: May 23 23:55 AEST
"fastsed.Linker.BranchResolvesToLabel" time elapsed: 00:00:00
----------------------------------------------------------

64/148 Testing: fastsed.Linker.BranchEmptyLabelResolvesToEnd
64/148 Test: fastsed.Linker.BranchEmptyLabelResolvesToEnd
Command: "/home/christian/local/repos/CppSed/Bin/Tests/fastsed_tests" "--gtest_filter=Linker.BranchEmptyLabelResolvesToEnd" "--gtest_also_run_disabled_tests"
Directory: /home/christian/local/repos/CppSed
"fastsed.Linker.BranchEmptyLabelResolvesToEnd" start time: May 23 23:55 AEST
Output:
----------------------------------------------------------
Running main() from /home/christian/local/repos/CppSed/Ext/googletest/googletest/src/gtest_main.cc
Note: Google Test filter = Linker.BranchEmptyLabelResolvesToEnd
[==========] Running 1 test from 1 test suite.
[----------] Global test environment set-up.
[----------] 1 test from Linker
[ RUN      ] Linker.BranchEmptyLabelResolvesToEnd
[       OK ] Linker.BranchEmptyLabelResolvesToEnd (0 ms)
[----------] 1 test from Linker (0 ms total)

[----------] Global test environment tear-down
[==========] 1 test from 1 test suite ran. (0 ms total)
[  PASSED  ] 1 test.
<end of output>
Test time =   0.00 sec
----------------------------------------------------------
Test Passed.
"fastsed.Linker.BranchEmptyLabelResolvesToEnd" end time: May 23 23:55 AEST
"fastsed.Linker.BranchEmptyLabelResolvesToEnd" time elapsed: 00:00:00
----------------------------------------------------------

65/148 Testing: fastsed.Linker.TCommandResolvesToLabel
65/148 Test: fastsed.Linker.TCommandResolvesToLabel
Command: "/home/christian/local/repos/CppSed/Bin/Tests/fastsed_tests" "--gtest_filter=Linker.TCommandResolvesToLabel" "--gtest_also_run_disabled_tests"
Directory: /home/christian/local/repos/CppSed
"fastsed.Linker.TCommandResolvesToLabel" start time: May 23 23:55 AEST
Output:
----------------------------------------------------------
Running main() from /home/christian/local/repos/CppSed/Ext/googletest/googletest/src/gtest_main.cc
Note: Google Test filter = Linker.TCommandResolvesToLabel
[==========] Running 1 test from 1 test suite.
[----------] Global test environment set-up.
[----------] 1 test from Linker
[ RUN      ] Linker.TCommandResolvesToLabel
[       OK ] Linker.TCommandResolvesToLabel (0 ms)
[----------] 1 test from Linker (0 ms total)

[----------] Global test environment tear-down
[==========] 1 test from 1 test suite ran. (0 ms total)
[  PASSED  ] 1 test.
<end of output>
Test time =   0.00 sec
[...]
[ RUN      ] Integration.BranchIfNoSubstitution
[       OK ] Integration.BranchIfNoSubstitution (0 ms)
[----------] 1 test from Integration (0 ms total)

[----------] Global test environment tear-down
[==========] 1 test from 1 test suite ran. (0 ms total)
[  PASSED  ] 1 test.
<end of output>
Test time =   0.00 sec
----------------------------------------------------------
Test Passed.
"fastsed.Integration.BranchIfNoSubstitution" end time: May 23 23:55 AEST
"fastsed.Integration.BranchIfNoSubstitution" time elapsed: 00:00:00
----------------------------------------------------------

134/148 Testing: fastsed.Integration.InsertBeforeLine
134/148 Test: fastsed.Integration.InsertBeforeLine
Command: "/home/christian/local/repos/CppSed/Bin/Tests/fastsed_tests" "--gtest_filter=Integration.InsertBeforeLine" "--gtest_also_run_disabled_tests"
Directory: /home/christian/local/repos/CppSed
"fastsed.Integration.InsertBeforeLine" start time: May 23 23:55 AEST
Output:
----------------------------------------------------------
Running main() from /home/christian/local/repos/CppSed/Ext/googletest/googletest/src/gtest_main.cc
Note: Google Test filter = Integration.InsertBeforeLine
[==========] Running 1 test from 1 test suite.
[----------] Global test environment set-up.
[----------] 1 test from Integration
[ RUN      ] Integration.InsertBeforeLine
[       OK ] Integration.InsertBeforeLine (0 ms)
[----------] 1 test from Integration (0 ms total)

[----------] Global test environment tear-down
[==========] 1 test from 1 test suite ran. (0 ms total)
[  PASSED  ] 1 test.
<end of output>
Test time =   0.00 sec
----------------------------------------------------------
Test Passed.
"fastsed.Integration.InsertBeforeLine" end time: May 23 23:55 AEST
"fastsed.Integration.InsertBeforeLine" time elapsed: 00:00:00
----------------------------------------------------------

135/148 Testing: fastsed.Integration.AppendAfterLine
135/148 Test: fastsed.Integration.AppendAfterLine
Command: "/home/christian/local/repos/CppSed/Bin/Tests/fastsed_tests" "--gtest_filter=Integration.AppendAfterLine" "--gtest_also_run_disabled_tests"
Directory: /home/christian/local/repos/CppSed
"fastsed.Integration.AppendAfterLine" start time: May 23 23:55 AEST
Output:
----------------------------------------------------------
Running main() from /home/christian/local/repos/CppSed/Ext/googletest/googletest/src/gtest_main.cc
Note: Google Test filter = Integration.AppendAfterLine
[==========] Running 1 test from 1 test suite.
[----------] Global test environment set-up.
[----------] 1 test from Integration
[ RUN      ] Integration.AppendAfterLine
[       OK ] Integration.AppendAfterLine (0 ms)
[----------] 1 test from Integration (0 ms total)

[----------] Global test environment tear-down
[==========] 1 test from 1 test suite ran. (0 ms total)
[  PASSED  ] 1 test.
<end of output>
Test time =   0.00 sec
----------------------------------------------------------
Test Passed.
"fastsed.Integration.AppendAfterLine" end time: May 23 23:55 AEST
"fastsed.Integration.AppendAfterLine" time elapsed: 00:00:00
----------------------------------------------------------

136/148 Testing: fastsed.Integration.ChangeLine
136/148 Test: fastsed.Integration.ChangeLine
Command: "/home/christian/local/repos/CppSed/Bin/Tests/fastsed_tests" "--gtest_filter=Integration.ChangeLine" "--gtest_also_run_disabled_tests"
Directory: /home/christian/local/repos/CppSed
"fastsed.Integration.ChangeLine" start time: May 23 23:55 AEST
Output:
----------------------------------------------------------
Running main() from /home/christian/local/repos/CppSed/Ext/googletest/googletest/src/gtest_main.cc
Note: Google Test filter = Integration.ChangeLine
[==========] Running 1 test from 1 test suite.
[----------] Global test environment set-up.
[----------] 1 test from Integration
[ RUN      ] Integration.ChangeLine
[       OK ] Integration.ChangeLine (0 ms)
[----------] 1 test from Integration (0 ms total)

[----------] Global test environment tear-down
[==========] 1 test from 1 test suite ran. (0 ms total)
[  PASSED  ] 1 test.
<end of output>
Test time =   0.00 sec
----------------------------------------------------------
Test Passed.
"fastsed.Integration.ChangeLine" end time: May 23 23:55 AEST
"fastsed.Integration.ChangeLine" time elapsed: 00:00:00
----------------------------------------------------------

137/148 Testing: fastsed.Integration.ChangeRangeLastLineOnly
137/148 Test: fastsed.Integration.ChangeRangeLastLineOnly
Command: "/home/christian/local/repos/CppSed/Bin/Tests/fastsed_tests" "--gtest_filter=Integration.ChangeRangeLastLineOnly" "--gtest_also_run_disabled_tests"
Directory: /home/christian/local/repos/CppSed
"fastsed.Integration.ChangeRangeLastLineOnly" start time: May 23 23:55 AEST
Output:
----------------------------------------------------------
Running main() from /home/christian/local/repos/CppSed/Ext/googletest/googletest/src/gtest_main.cc
Note: Google Test filter = Integration.ChangeRangeLastLineOnly
[==========] Running 1 test from 1 test suite.
[----------] Global test environment set-up.
[----------] 1 test from Integration
[ RUN      ] Integration.ChangeRangeLastLineOnly
[       OK ] Integration.ChangeRangeLastLineOnly (0 ms)
[----------] 1 test from Integration (0 ms total)

[----------] Global test environment tear-down
[==========] 1 test from 1 test suite ran. (0 ms total)
[  PASSED  ] 1 test.
<end of output>
Test time =   0.01 sec
----------------------------------------------------------
Test Passed.
"fastsed.Integration.ChangeRangeLastLineOnly" end time: May 23 23:55 AEST
"fastsed.Integration.ChangeRangeLastLineOnly" time elapsed: 00:00:00
----------------------------------------------------------

138/148 Testing: fastsed.Integration.Transliterate
138/148 Test: fastsed.Integration.Transliterate
Command: "/home/christian/local/repos/CppSed/Bin/Tests/fastsed_tests" "--gtest_filter=Integration.Transliterate" "--gtest_also_run_disabled_tests"
Directory: /home/christian/local/repos/CppSed
"fastsed.Integration.Transliterate" start time: May 23 23:55 AEST
Output:
----------------------------------------------------------
Running main() from /home/christian/local/repos/CppSed/Ext/googletest/googletest/src/gtest_main.cc
Note: Google Test filter = Integration.Transliterate
[==========] Running 1 test from 1 test suite.
[----------] Global test environment set-up.
[----------] 1 test from Integration
[ RUN      ] Integration.Transliterate
[       OK ] Integration.Transliterate (0 ms)
[----------] 1 test from Integration (0 ms total)

[----------] Global test environment tear-down
[==========] 1 test from 1 test suite ran. (0 ms total)
[  PASSED  ] 1 test.
<end of output>
Test time =   0.00 sec
----------------------------------------------------------
Test Passed.
"fastsed.Integration.Transliterate" end time: May 23 23:55 AEST
"fastsed.Integration.Transliterate" time elapsed: 00:00:00
----------------------------------------------------------

139/148 Testing: fastsed.Integration.TransliteratePartial
139/148 Test: fastsed.Integration.TransliteratePartial
Command: "/home/christian/local/repos/CppSed/Bin/Tests/fastsed_tests" "--gtest_filter=Integration.TransliteratePartial" "--gtest_also_run_disabled_tests"
Directory: /home/christian/local/repos/CppSed
"fastsed.Integration.TransliteratePartial" start time: May 23 23:55 AEST
Output:
----------------------------------------------------------
Running main() from /home/christian/local/repos/CppSed/Ext/googletest/googletest/src/gtest_main.cc
Note: Google Test filter = Integration.TransliteratePartial
[==========] Running 1 test from 1 test suite.
[----------] Global test environment set-up.
[----------] 1 test from Integration
[ RUN      ] Integration.TransliteratePartial
[       OK ] Integration.TransliteratePartial (0 ms)
[----------] 1 test from Integration (0 ms total)

[----------] Global test environment tear-down
[==========] 1 test from 1 test suite ran. (0 ms total)
[  PASSED  ] 1 test.
<end of output>
Test time =   0.00 sec
----------------------------------------------------------
Test Passed.
"fastsed.Integration.TransliteratePartial" end time: May 23 23:55 AEST
"fastsed.Integration.TransliteratePartial" time elapsed: 00:00:00
----------------------------------------------------------

140/148 Testing: fastsed.Integration.ZapClearsPatternSpace
140/148 Test: fastsed.Integration.ZapClearsPatternSpace
Command: "/home/christian/local/repos/CppSed/Bin/Tests/fastsed_tests" "--gtest_filter=Integration.ZapClearsPatternSpace" "--gtest_also_run_disabled_tests"
Directory: /home/christian/local/repos/CppSed
"fastsed.Integration.ZapClearsPatternSpace" start time: May 23 23:55 AEST
Output:
----------------------------------------------------------
Running main() from /home/christian/local/repos/CppSed/Ext/googletest/googletest/src/gtest_main.cc
Note: Google Test filter = Integration.ZapClearsPatternSpace
[==========] Running 1 test from 1 test suite.
[----------] Global test environment set-up.
[----------] 1 test from Integration
[ RUN      ] Integration.ZapClearsPatternSpace
[       OK ] Integration.ZapClearsPatternSpace (0 ms)
[----------] 1 test from Integration (0 ms total)

[----------] Global test environment tear-down
[==========] 1 test from 1 test suite ran. (0 ms total)
[  PASSED  ] 1 test.
<end of output>
Test time =   0.01 sec
----------------------------------------------------------
Test Passed.
"fastsed.Integration.ZapClearsPatternSpace" end time: May 23 23:55 AEST
"fastsed.Integration.ZapClearsPatternSpace" time elapsed: 00:00:00
----------------------------------------------------------

141/148 Testing: fastsed.Integration.PrintLineNumber
141/148 Test: fastsed.Integration.PrintLineNumber
Command: "/home/christian/local/repos/CppSed/Bin/Tests/fastsed_tests" "--gtest_filter=Integration.PrintLineNumber" "--gtest_also_run_disabled_tests"
Directory: /home/christian/local/repos/CppSed
"fastsed.Integration.PrintLineNumber" start time: May 23 23:55 AEST
Output:
----------------------------------------------------------
Running main() from /home/christian/local/repos/CppSed/Ext/googletest/googletest/src/gtest_main.cc
Note: Google Test filter = Integration.PrintLineNumber
[==========] Running 1 test from 1 test suite.
[----------] Global test environment set-up.
[----------] 1 test from Integration
[ RUN      ] Integration.PrintLineNumber
[       OK ] Integration.PrintLineNumber (0 ms)
[----------] 1 test from Integration (0 ms total)

[----------] Global test environment tear-down
[==========] 1 test from 1 test suite ran. (0 ms total)
[  PASSED  ] 1 test.
<end of output>
Test time =   0.00 sec
----------------------------------------------------------
Test Passed.
"fastsed.Integration.PrintLineNumber" end time: May 23 23:55 AEST
"fastsed.Integration.PrintLineNumber" time elapsed: 00:00:00
----------------------------------------------------------

142/148 Testing: fastsed.Integration.QuitAfterFirstLine
142/148 Test: fastsed.Integration.QuitAfterFirstLine
Command: "/home/christian/local/repos/CppSed/Bin/Tests/fastsed_tests" "--gtest_filter=Integration.QuitAfterFirstLine" "--gtest_also_run_disabled_tests"
Directory: /home/christian/local/repos/CppSed
"fastsed.Integration.QuitAfterFirstLine" start time: May 23 23:55 AEST
Output:
----------------------------------------------------------
Running main() from /home/christian/local/repos/CppSed/Ext/googletest/googletest/src/gtest_main.cc
Note: Google Test filter = Integration.QuitAfterFirstLine
[==========] Running 1 test from 1 test suite.
[----------] Global test environment set-up.
[----------] 1 test from Integration
[ RUN      ] Integration.QuitAfterFirstLine
[       OK ] Integration.QuitAfterFirstLine (0 ms)
[----------] 1 test from Integration (0 ms total)

[----------] Global test environment tear-down
[==========] 1 test from 1 test suite ran. (0 ms total)
[  PASSED  ] 1 test.
<end of output>
Test time =   0.00 sec
----------------------------------------------------------
Test Passed.
"fastsed.Integration.QuitAfterFirstLine" end time: May 23 23:55 AEST
"fastsed.Integration.QuitAfterFirstLine" time elapsed: 00:00:00
----------------------------------------------------------

143/148 Testing: fastsed.Integration.QuitSilent
143/148 Test: fastsed.Integration.QuitSilent
Command: "/home/christian/local/repos/CppSed/Bin/Tests/fastsed_tests" "--gtest_filter=Integration.QuitSilent" "--gtest_also_run_disabled_tests"
Directory: /home/christian/local/repos/CppSed
"fastsed.Integration.QuitSilent" start time: May 23 23:55 AEST
Output:
----------------------------------------------------------
Running main() from /home/christian/local/repos/CppSed/Ext/googletest/googletest/src/gtest_main.cc
Note: Google Test filter = Integration.QuitSilent
[==========] Running 1 test from 1 test suite.
[----------] Global test environment set-up.
[----------] 1 test from Integration
[ RUN      ] Integration.QuitSilent
[       OK ] Integration.QuitSilent (0 ms)
[----------] 1 test from Integration (0 ms total)

[----------] Global test environment tear-down
[==========] 1 test from 1 test suite ran. (0 ms total)
[  PASSED  ] 1 test.
<end of output>
Test time =   0.00 sec
----------------------------------------------------------
Test Passed.
"fastsed.Integration.QuitSilent" end time: May 23 23:55 AEST
"fastsed.Integration.QuitSilent" time elapsed: 00:00:00
----------------------------------------------------------

144/148 Testing: fastsed.Integration.ChainedCommands
144/148 Test: fastsed.Integration.ChainedCommands
Command: "/home/christian/local/repos/CppSed/Bin/Tests/fastsed_tests" "--gtest_filter=Integration.ChainedCommands" "--gtest_also_run_disabled_tests"
Directory: /home/christian/local/repos/CppSed
"fastsed.Integration.ChainedCommands" start time: May 23 23:55 AEST
Output:
----------------------------------------------------------
Running main() from /home/christian/local/repos/CppSed/Ext/googletest/googletest/src/gtest_main.cc
Note: Google Test filter = Integration.ChainedCommands
[==========] Running 1 test from 1 test suite.
[----------] Global test environment set-up.
[----------] 1 test from Integration
[ RUN      ] Integration.ChainedCommands
[       OK ] Integration.ChainedCommands (0 ms)
[----------] 1 test from Integration (0 ms total)

[----------] Global test environment tear-down
[==========] 1 test from 1 test suite ran. (0 ms total)
[  PASSED  ] 1 test.
<end of output>
Test time =   0.00 sec
----------------------------------------------------------
Test Passed.
"fastsed.Integration.ChainedCommands" end time: May 23 23:55 AEST
"fastsed.Integration.ChainedCommands" time elapsed: 00:00:00
----------------------------------------------------------

145/148 Testing: fastsed.Integration.EmptyInput
145/148 Test: fastsed.Integration.EmptyInput
Command: "/home/christian/local/repos/CppSed/Bin/Tests/fastsed_tests" "--gtest_filter=Integration.EmptyInput" "--gtest_also_run_disabled_tests"
Directory: /home/christian/local/repos/CppSed
"fastsed.Integration.EmptyInput" start time: May 23 23:55 AEST
Output:
----------------------------------------------------------
Running main() from /home/christian/local/repos/CppSed/Ext/googletest/googletest/src/gtest_main.cc
Note: Google Test filter = Integration.EmptyInput
[==========] Running 1 test from 1 test suite.
[----------] Global test environment set-up.
[----------] 1 test from Integration
[ RUN      ] Integration.EmptyInput
[       OK ] Integration.EmptyInput (0 ms)
[----------] 1 test from Integration (0 ms total)

[----------] Global test environment tear-down
[==========] 1 test from 1 test suite ran. (0 ms total)
[  PASSED  ] 1 test.
<end of output>
Test time =   0.00 sec
----------------------------------------------------------
Test Passed.
"fastsed.Integration.EmptyInput" end time: May 23 23:55 AEST
"fastsed.Integration.EmptyInput" time elapsed: 00:00:00
----------------------------------------------------------

146/148 Testing: fastsed.Integration.ExtendedRegexPlus
146/148 Test: fastsed.Integration.ExtendedRegexPlus
Command: "/home/christian/local/repos/CppSed/Bin/Tests/fastsed_tests" "--gtest_filter=Integration.ExtendedRegexPlus" "--gtest_also_run_disabled_tests"
Directory: /home/christian/local/repos/CppSed
"fastsed.Integration.ExtendedRegexPlus" start time: May 23 23:55 AEST
Output:
----------------------------------------------------------
Running main() from /home/christian/local/repos/CppSed/Ext/googletest/googletest/src/gtest_main.cc
Note: Google Test filter = Integration.ExtendedRegexPlus
[==========] Running 1 test from 1 test suite.
[----------] Global test environment set-up.
[----------] 1 test from Integration
[ RUN      ] Integration.ExtendedRegexPlus
[       OK ] Integration.ExtendedRegexPlus (0 ms)
[----------] 1 test from Integration (0 ms total)

[----------] Global test environment tear-down
[==========] 1 test from 1 test suite ran. (0 ms total)
[  PASSED  ] 1 test.
<end of output>
Test time =   0.00 sec
----------------------------------------------------------
Test Passed.
"fastsed.Integration.ExtendedRegexPlus" end time: May 23 23:55 AEST
"fastsed.Integration.ExtendedRegexPlus" time elapsed: 00:00:00
----------------------------------------------------------

147/148 Testing: fastsed.Integration.ExtendedRegexAlternation
147/148 Test: fastsed.Integration.ExtendedRegexAlternation
Command: "/home/christian/local/repos/CppSed/Bin/Tests/fastsed_tests" "--gtest_filter=Integration.ExtendedRegexAlternation" "--gtest_also_run_disabled_tests"
Directory: /home/christian/local/repos/CppSed
"fastsed.Integration.ExtendedRegexAlternation" start time: May 23 23:55 AEST
Output:
----------------------------------------------------------
Running main() from /home/christian/local/repos/CppSed/Ext/googletest/googletest/src/gtest_main.cc
Note: Google Test filter = Integration.ExtendedRegexAlternation
[==========] Running 1 test from 1 test suite.
[----------] Global test environment set-up.
[----------] 1 test from Integration
[ RUN      ] Integration.ExtendedRegexAlternation
[       OK ] Integration.ExtendedRegexAlternation (0 ms)
[----------] 1 test from Integration (0 ms total)

[----------] Global test environment tear-down
[==========] 1 test from 1 test suite ran. (0 ms total)
[  PASSED  ] 1 test.
<end of output>
Test time =   0.01 sec
----------------------------------------------------------
Test Passed.
"fastsed.Integration.ExtendedRegexAlternation" end time: May 23 23:55 AEST
"fastsed.Integration.ExtendedRegexAlternation" time elapsed: 00:00:00
----------------------------------------------------------

148/148 Testing: fastsed.Integration.ExtendedRegexGroups
148/148 Test: fastsed.Integration.ExtendedRegexGroups
Command: "/home/christian/local/repos/CppSed/Bin/Tests/fastsed_tests" "--gtest_filter=Integration.ExtendedRegexGroups" "--gtest_also_run_disabled_tests"
Directory: /home/christian/local/repos/CppSed
"fastsed.Integration.ExtendedRegexGroups" start time: May 23 23:55 AEST
Output:
----------------------------------------------------------
Running main() from /home/christian/local/repos/CppSed/Ext/googletest/googletest/src/gtest_main.cc
Note: Google Test filter = Integration.ExtendedRegexGroups
[==========] Running 1 test from 1 test suite.
[----------] Global test environment set-up.
[----------] 1 test from Integration
[ RUN      ] Integration.ExtendedRegexGroups
[       OK ] Integration.ExtendedRegexGroups (0 ms)
[----------] 1 test from Integration (0 ms total)

[----------] Global test environment tear-down
[==========] 1 test from 1 test suite ran. (0 ms total)
[  PASSED  ] 1 test.
<end of output>
Test time =   0.01 sec
----------------------------------------------------------
Test Passed.
"fastsed.Integration.ExtendedRegexGroups" end time: May 23 23:55 AEST
"fastsed.Integration.ExtendedRegexGroups" time elapsed: 00:00:00
----------------------------------------------------------

End testing: May 23 23:55 AEST
